2025-01-15 10:27:31,149 [Worker-4: Loading available Gradle versions] INFO  o.e.b.c.i.u.g.PublishedGradleVersions - Gradle version information cache is up-to-date. Trying to read.
2025-01-15 10:30:52,696 [Worker-13: Update Maven projects configuration] INFO  o.e.m.c.i.p.ProjectConfigurationManager - Update started
2025-01-15 10:30:55,502 [Worker-13: Update Maven projects configuration] INFO  o.e.m.c.i.l.LifecycleMappingFactory - Using org.eclipse.m2e.jdt.JarLifecycleMapping lifecycle mapping for MavenProject: com.samyak:product:0.0.1-SNAPSHOT @ D:\Demo_workspace\product\pom.xml.
2025-01-15 10:30:56,158 [Worker-13: Update Maven projects configuration] INFO  o.e.m.c.i.e.AbstractTransferListenerAdapter - Downloading https://repo.maven.apache.org/maven2/org/springframework/boot/spring-boot-devtools/3.4.1/spring-boot-devtools-3.4.1.pom
2025-01-15 10:30:56,189 [Worker-13: Update Maven projects configuration] INFO  o.e.m.c.i.e.AbstractTransferListenerAdapter - Downloaded https://repo.maven.apache.org/maven2/org/springframework/boot/spring-boot-devtools/3.4.1/spring-boot-devtools-3.4.1.pom
2025-01-15 10:30:56,531 [Worker-13: Update Maven projects configuration] INFO  o.e.m.c.i.e.AbstractTransferListenerAdapter - Downloading https://repo.maven.apache.org/maven2/org/springframework/boot/spring-boot-devtools/3.4.1/spring-boot-devtools-3.4.1.jar
2025-01-15 10:30:56,651 [Worker-13: Update Maven projects configuration] INFO  o.e.m.c.i.e.AbstractTransferListenerAdapter - Downloaded https://repo.maven.apache.org/maven2/org/springframework/boot/spring-boot-devtools/3.4.1/spring-boot-devtools-3.4.1.jar
2025-01-15 10:30:58,274 [Worker-13: Update Maven projects configuration] INFO  o.e.m.j.i.AbstractJavaProjectConfigurator - Adding source folder /product/src/main/java
2025-01-15 10:30:58,276 [Worker-13: Update Maven projects configuration] INFO  o.e.m.j.i.AbstractJavaProjectConfigurator - Adding resource folder /product/src/main/resources
2025-01-15 10:30:58,286 [Worker-13: Update Maven projects configuration] INFO  o.e.m.j.i.AbstractJavaProjectConfigurator - Adding resource folder /product/src/main/resources
2025-01-15 10:30:58,301 [Worker-13: Update Maven projects configuration] INFO  o.e.m.j.i.AbstractJavaProjectConfigurator - Adding source folder /product/src/test/java
2025-01-15 10:30:58,303 [Worker-13: Update Maven projects configuration] INFO  o.e.m.j.i.AbstractJavaProjectConfigurator - Adding resource folder /product/src/test/resources
2025-01-15 10:30:58,551 [Worker-14: Download sources and javadoc] INFO  o.e.m.c.i.e.AbstractTransferListenerAdapter - Downloading https://repo.maven.apache.org/maven2/org/springframework/boot/spring-boot-devtools/3.4.1/spring-boot-devtools-3.4.1-sources.jar
2025-01-15 10:30:59,297 [Worker-14: Download sources and javadoc] INFO  o.e.m.c.i.e.AbstractTransferListenerAdapter - Downloaded https://repo.maven.apache.org/maven2/org/springframework/boot/spring-boot-devtools/3.4.1/spring-boot-devtools-3.4.1-sources.jar
2025-01-15 10:30:59,324 [Worker-14: Download sources and javadoc] INFO  o.e.m.j.internal.DownloadSourcesJob - Downloaded sources for org.springframework.boot:spring-boot-devtools:3.4.1
2025-01-15 10:31:04,059 [Worker-13: Update Maven projects configuration] INFO  o.e.m.c.i.p.ProjectConfigurationManager - Update completed for 1 poms: local refresh takes 0.00 sec, refresh facades takes 4.00 sec, update config takes 6.00 sec 
2025-01-15 10:31:05,181 [Worker-10: Building] INFO  o.a.m.s.f.DefaultMavenResourcesFiltering - Copying 1 resource from src\main\resources to target\classes
2025-01-15 10:31:05,206 [Worker-10: Building] INFO  o.a.m.s.f.DefaultMavenResourcesFiltering - Copying 0 resource from src\main\resources to target\classes
2025-01-15 10:31:05,213 [Worker-10: Building] INFO  o.a.m.s.f.DefaultMavenResourcesFiltering - skip non existing resourceDirectory D:\Demo_workspace\product\src\test\resources
2025-01-15 10:31:41,741 [Worker-19: Building] INFO  o.a.m.s.f.DefaultMavenResourcesFiltering - Copying 0 resource from src\main\resources to target\classes
2025-01-15 10:31:41,742 [Worker-19: Building] INFO  o.a.m.s.f.DefaultMavenResourcesFiltering - Copying 0 resource from src\main\resources to target\classes
2025-01-15 10:31:41,748 [Worker-19: Building] INFO  o.a.m.s.f.DefaultMavenResourcesFiltering - skip non existing resourceDirectory D:\Demo_workspace\product\src\test\resources
2025-01-15 10:31:49,259 [Worker-18: Building Project product] INFO  o.a.m.s.f.DefaultMavenResourcesFiltering - Copying 1 resource from src\main\resources to target\classes
2025-01-15 10:31:49,272 [Worker-18: Building Project product] INFO  o.a.m.s.f.DefaultMavenResourcesFiltering - Copying 0 resource from src\main\resources to target\classes
2025-01-15 10:31:49,277 [Worker-18: Building Project product] INFO  o.a.m.s.f.DefaultMavenResourcesFiltering - skip non existing resourceDirectory D:\Demo_workspace\product\src\test\resources
2025-01-15 10:31:59,935 [Worker-16: Building Project product] INFO  o.a.m.s.f.DefaultMavenResourcesFiltering - Copying 1 resource from src\main\resources to target\classes
2025-01-15 10:31:59,947 [Worker-16: Building Project product] INFO  o.a.m.s.f.DefaultMavenResourcesFiltering - Copying 0 resource from src\main\resources to target\classes
2025-01-15 10:31:59,953 [Worker-16: Building Project product] INFO  o.a.m.s.f.DefaultMavenResourcesFiltering - skip non existing resourceDirectory D:\Demo_workspace\product\src\test\resources
2025-01-15 10:32:03,074 [Worker-20: Building] INFO  o.a.m.s.f.DefaultMavenResourcesFiltering - Copying 1 resource from src\main\resources to target\classes
2025-01-15 10:32:03,077 [Worker-20: Building] INFO  o.a.m.s.f.DefaultMavenResourcesFiltering - Copying 0 resource from src\main\resources to target\classes
2025-01-15 10:32:03,084 [Worker-20: Building] INFO  o.a.m.s.f.DefaultMavenResourcesFiltering - skip non existing resourceDirectory D:\Demo_workspace\product\src\test\resources
2025-01-15 10:32:24,028 [Worker-6: Updating Maven Project] INFO  o.e.m.c.i.p.ProjectConfigurationManager - Update started
2025-01-15 10:32:24,844 [Worker-6: Updating Maven Project] INFO  o.e.m.c.i.l.LifecycleMappingFactory - Using org.eclipse.m2e.jdt.JarLifecycleMapping lifecycle mapping for MavenProject: com.samyak:product:0.0.1-SNAPSHOT @ D:\Demo_workspace\product\pom.xml.
2025-01-15 10:32:25,857 [Worker-6: Updating Maven Project] INFO  o.e.m.j.i.AbstractJavaProjectConfigurator - Adding source folder /product/src/main/java
2025-01-15 10:32:25,858 [Worker-6: Updating Maven Project] INFO  o.e.m.j.i.AbstractJavaProjectConfigurator - Adding resource folder /product/src/main/resources
2025-01-15 10:32:25,861 [Worker-6: Updating Maven Project] INFO  o.e.m.j.i.AbstractJavaProjectConfigurator - Adding resource folder /product/src/main/resources
2025-01-15 10:32:25,861 [Worker-6: Updating Maven Project] INFO  o.e.m.j.i.AbstractJavaProjectConfigurator - Adding source folder /product/src/test/java
2025-01-15 10:32:25,864 [Worker-6: Updating Maven Project] INFO  o.e.m.j.i.AbstractJavaProjectConfigurator - Adding resource folder /product/src/test/resources
2025-01-15 10:32:26,578 [Worker-6: Updating Maven Project] INFO  o.e.m.c.i.p.ProjectConfigurationManager - Update completed for 1 poms: local refresh takes 0.00 sec, refresh facades takes 1.00 sec, update config takes 0.00 sec 
2025-01-15 10:32:26,960 [Worker-13: Building] INFO  o.a.m.s.f.DefaultMavenResourcesFiltering - Copying 1 resource from src\main\resources to target\classes
2025-01-15 10:32:27,000 [Worker-13: Building] INFO  o.a.m.s.f.DefaultMavenResourcesFiltering - Copying 0 resource from src\main\resources to target\classes
2025-01-15 10:32:27,006 [Worker-13: Building] INFO  o.a.m.s.f.DefaultMavenResourcesFiltering - skip non existing resourceDirectory D:\Demo_workspace\product\src\test\resources
2025-01-15 10:35:29,239 [Worker-6: Building] INFO  o.a.m.s.f.DefaultMavenResourcesFiltering - Copying 1 resource from src\main\resources to target\classes
2025-01-15 10:35:29,249 [Worker-6: Building] INFO  o.a.m.s.f.DefaultMavenResourcesFiltering - Copying 0 resource from src\main\resources to target\classes
2025-01-15 10:35:29,255 [Worker-6: Building] INFO  o.a.m.s.f.DefaultMavenResourcesFiltering - skip non existing resourceDirectory D:\Demo_workspace\product\src\test\resources
2025-01-15 10:36:16,674 [Worker-24: Building] INFO  o.a.m.s.f.DefaultMavenResourcesFiltering - Copying 1 resource from src\main\resources to target\classes
2025-01-15 10:36:16,683 [Worker-24: Building] INFO  o.a.m.s.f.DefaultMavenResourcesFiltering - Copying 0 resource from src\main\resources to target\classes
2025-01-15 10:36:16,686 [Worker-24: Building] INFO  o.a.m.s.f.DefaultMavenResourcesFiltering - skip non existing resourceDirectory D:\Demo_workspace\product\src\test\resources
2025-01-15 10:36:57,245 [Worker-6: Building] INFO  o.a.m.s.f.DefaultMavenResourcesFiltering - Copying 1 resource from src\main\resources to target\classes
2025-01-15 10:36:57,253 [Worker-6: Building] INFO  o.a.m.s.f.DefaultMavenResourcesFiltering - Copying 0 resource from src\main\resources to target\classes
2025-01-15 10:36:57,259 [Worker-6: Building] INFO  o.a.m.s.f.DefaultMavenResourcesFiltering - skip non existing resourceDirectory D:\Demo_workspace\product\src\test\resources
2025-01-15 10:37:48,788 [main] INFO  o.a.m.s.f.DefaultMavenResourcesFiltering - Copying 1 resource from src\main\resources to target\classes
2025-01-15 10:37:48,797 [main] INFO  o.a.m.s.f.DefaultMavenResourcesFiltering - Copying 0 resource from src\main\resources to target\classes
2025-01-15 10:37:48,801 [main] INFO  o.a.m.s.f.DefaultMavenResourcesFiltering - skip non existing resourceDirectory D:\Demo_workspace\product\src\test\resources
2025-01-15 10:37:53,997 [Worker-23: Building] INFO  o.a.m.s.f.DefaultMavenResourcesFiltering - Copying 1 resource from src\main\resources to target\classes
2025-01-15 10:37:54,003 [Worker-23: Building] INFO  o.a.m.s.f.DefaultMavenResourcesFiltering - Copying 0 resource from src\main\resources to target\classes
2025-01-15 10:37:54,006 [Worker-23: Building] INFO  o.a.m.s.f.DefaultMavenResourcesFiltering - skip non existing resourceDirectory D:\Demo_workspace\product\src\test\resources
2025-01-15 10:40:44,088 [Worker-24: Building] INFO  o.a.m.s.f.DefaultMavenResourcesFiltering - Copying 1 resource from src\main\resources to target\classes
2025-01-15 10:40:44,096 [Worker-24: Building] INFO  o.a.m.s.f.DefaultMavenResourcesFiltering - Copying 0 resource from src\main\resources to target\classes
2025-01-15 10:40:44,101 [Worker-24: Building] INFO  o.a.m.s.f.DefaultMavenResourcesFiltering - skip non existing resourceDirectory D:\Demo_workspace\product\src\test\resources
2025-01-15 10:40:56,210 [Worker-26: Launching Executing clean in D__Demo_workspace_product] INFO  o.eclipse.m2e.core.internal.Bundles - getClasspathEntries(Bundle=org.eclipse.m2e.maven.runtime_3.9.900.20240824-1409 [642])
2025-01-15 10:40:56,213 [Worker-26: Launching Executing clean in D__Demo_workspace_product] INFO  o.eclipse.m2e.core.internal.Bundles - 	Entry: C:\Users\ESAMYAK121\.p2\pool\plugins\org.eclipse.m2e.maven.runtime_3.9.900.20240824-1409
2025-01-15 10:40:56,214 [Worker-26: Launching Executing clean in D__Demo_workspace_product] INFO  o.eclipse.m2e.core.internal.Bundles - 	Entry: C:\Users\ESAMYAK121\.p2\pool\plugins\org.eclipse.m2e.maven.runtime_3.9.900.20240824-1409\jars\aopalliance-1.0.jar
2025-01-15 10:40:56,214 [Worker-26: Launching Executing clean in D__Demo_workspace_product] INFO  o.eclipse.m2e.core.internal.Bundles - 	Entry: C:\Users\ESAMYAK121\.p2\pool\plugins\org.eclipse.m2e.maven.runtime_3.9.900.20240824-1409\jars\guice-5.1.0.jar
2025-01-15 10:40:56,215 [Worker-26: Launching Executing clean in D__Demo_workspace_product] INFO  o.eclipse.m2e.core.internal.Bundles - 	Entry: C:\Users\ESAMYAK121\.p2\pool\plugins\org.eclipse.m2e.maven.runtime_3.9.900.20240824-1409\jars\httpclient-4.5.14.jar
2025-01-15 10:40:56,215 [Worker-26: Launching Executing clean in D__Demo_workspace_product] INFO  o.eclipse.m2e.core.internal.Bundles - 	Entry: C:\Users\ESAMYAK121\.p2\pool\plugins\org.eclipse.m2e.maven.runtime_3.9.900.20240824-1409\jars\httpcore-4.4.16.jar
2025-01-15 10:40:56,215 [Worker-26: Launching Executing clean in D__Demo_workspace_product] INFO  o.eclipse.m2e.core.internal.Bundles - 	Entry: C:\Users\ESAMYAK121\.p2\pool\plugins\org.eclipse.m2e.maven.runtime_3.9.900.20240824-1409\jars\jansi-2.4.1.jar
2025-01-15 10:40:56,216 [Worker-26: Launching Executing clean in D__Demo_workspace_product] INFO  o.eclipse.m2e.core.internal.Bundles - 	Entry: C:\Users\ESAMYAK121\.p2\pool\plugins\org.eclipse.m2e.maven.runtime_3.9.900.20240824-1409\jars\jcl-over-slf4j-1.7.36.jar
2025-01-15 10:40:56,216 [Worker-26: Launching Executing clean in D__Demo_workspace_product] INFO  o.eclipse.m2e.core.internal.Bundles - 	Entry: C:\Users\ESAMYAK121\.p2\pool\plugins\org.eclipse.m2e.maven.runtime_3.9.900.20240824-1409\jars\maven-artifact-3.9.9.jar
2025-01-15 10:40:56,216 [Worker-26: Launching Executing clean in D__Demo_workspace_product] INFO  o.eclipse.m2e.core.internal.Bundles - 	Entry: C:\Users\ESAMYAK121\.p2\pool\plugins\org.eclipse.m2e.maven.runtime_3.9.900.20240824-1409\jars\maven-builder-support-3.9.9.jar
2025-01-15 10:40:56,217 [Worker-26: Launching Executing clean in D__Demo_workspace_product] INFO  o.eclipse.m2e.core.internal.Bundles - 	Entry: C:\Users\ESAMYAK121\.p2\pool\plugins\org.eclipse.m2e.maven.runtime_3.9.900.20240824-1409\jars\maven-compat-3.9.9.jar
2025-01-15 10:40:56,217 [Worker-26: Launching Executing clean in D__Demo_workspace_product] INFO  o.eclipse.m2e.core.internal.Bundles - 	Entry: C:\Users\ESAMYAK121\.p2\pool\plugins\org.eclipse.m2e.maven.runtime_3.9.900.20240824-1409\jars\maven-core-3.9.9.jar
2025-01-15 10:40:56,218 [Worker-26: Launching Executing clean in D__Demo_workspace_product] INFO  o.eclipse.m2e.core.internal.Bundles - 	Entry: C:\Users\ESAMYAK121\.p2\pool\plugins\org.eclipse.m2e.maven.runtime_3.9.900.20240824-1409\jars\maven-embedder-3.9.9.jar
2025-01-15 10:40:56,218 [Worker-26: Launching Executing clean in D__Demo_workspace_product] INFO  o.eclipse.m2e.core.internal.Bundles - 	Entry: C:\Users\ESAMYAK121\.p2\pool\plugins\org.eclipse.m2e.maven.runtime_3.9.900.20240824-1409\jars\maven-model-3.9.9.jar
2025-01-15 10:40:56,218 [Worker-26: Launching Executing clean in D__Demo_workspace_product] INFO  o.eclipse.m2e.core.internal.Bundles - 	Entry: C:\Users\ESAMYAK121\.p2\pool\plugins\org.eclipse.m2e.maven.runtime_3.9.900.20240824-1409\jars\maven-model-builder-3.9.9.jar
2025-01-15 10:40:56,219 [Worker-26: Launching Executing clean in D__Demo_workspace_product] INFO  o.eclipse.m2e.core.internal.Bundles - 	Entry: C:\Users\ESAMYAK121\.p2\pool\plugins\org.eclipse.m2e.maven.runtime_3.9.900.20240824-1409\jars\maven-plugin-api-3.9.9.jar
2025-01-15 10:40:56,219 [Worker-26: Launching Executing clean in D__Demo_workspace_product] INFO  o.eclipse.m2e.core.internal.Bundles - 	Entry: C:\Users\ESAMYAK121\.p2\pool\plugins\org.eclipse.m2e.maven.runtime_3.9.900.20240824-1409\jars\maven-repository-metadata-3.9.9.jar
2025-01-15 10:40:56,219 [Worker-26: Launching Executing clean in D__Demo_workspace_product] INFO  o.eclipse.m2e.core.internal.Bundles - 	Entry: C:\Users\ESAMYAK121\.p2\pool\plugins\org.eclipse.m2e.maven.runtime_3.9.900.20240824-1409\jars\maven-resolver-api-1.9.22.jar
2025-01-15 10:40:56,220 [Worker-26: Launching Executing clean in D__Demo_workspace_product] INFO  o.eclipse.m2e.core.internal.Bundles - 	Entry: C:\Users\ESAMYAK121\.p2\pool\plugins\org.eclipse.m2e.maven.runtime_3.9.900.20240824-1409\jars\maven-resolver-connector-basic-1.9.22.jar
2025-01-15 10:40:56,220 [Worker-26: Launching Executing clean in D__Demo_workspace_product] INFO  o.eclipse.m2e.core.internal.Bundles - 	Entry: C:\Users\ESAMYAK121\.p2\pool\plugins\org.eclipse.m2e.maven.runtime_3.9.900.20240824-1409\jars\maven-resolver-impl-1.9.22.jar
2025-01-15 10:40:56,220 [Worker-26: Launching Executing clean in D__Demo_workspace_product] INFO  o.eclipse.m2e.core.internal.Bundles - 	Entry: C:\Users\ESAMYAK121\.p2\pool\plugins\org.eclipse.m2e.maven.runtime_3.9.900.20240824-1409\jars\maven-resolver-named-locks-1.9.22.jar
2025-01-15 10:40:56,220 [Worker-26: Launching Executing clean in D__Demo_workspace_product] INFO  o.eclipse.m2e.core.internal.Bundles - 	Entry: C:\Users\ESAMYAK121\.p2\pool\plugins\org.eclipse.m2e.maven.runtime_3.9.900.20240824-1409\jars\maven-resolver-provider-3.9.9.jar
2025-01-15 10:40:56,221 [Worker-26: Launching Executing clean in D__Demo_workspace_product] INFO  o.eclipse.m2e.core.internal.Bundles - 	Entry: C:\Users\ESAMYAK121\.p2\pool\plugins\org.eclipse.m2e.maven.runtime_3.9.900.20240824-1409\jars\maven-resolver-spi-1.9.22.jar
2025-01-15 10:40:56,221 [Worker-26: Launching Executing clean in D__Demo_workspace_product] INFO  o.eclipse.m2e.core.internal.Bundles - 	Entry: C:\Users\ESAMYAK121\.p2\pool\plugins\org.eclipse.m2e.maven.runtime_3.9.900.20240824-1409\jars\maven-resolver-transport-file-1.9.22.jar
2025-01-15 10:40:56,221 [Worker-26: Launching Executing clean in D__Demo_workspace_product] INFO  o.eclipse.m2e.core.internal.Bundles - 	Entry: C:\Users\ESAMYAK121\.p2\pool\plugins\org.eclipse.m2e.maven.runtime_3.9.900.20240824-1409\jars\maven-resolver-transport-http-1.9.22.jar
2025-01-15 10:40:56,222 [Worker-26: Launching Executing clean in D__Demo_workspace_product] INFO  o.eclipse.m2e.core.internal.Bundles - 	Entry: C:\Users\ESAMYAK121\.p2\pool\plugins\org.eclipse.m2e.maven.runtime_3.9.900.20240824-1409\jars\maven-resolver-transport-wagon-1.9.22.jar
2025-01-15 10:40:56,222 [Worker-26: Launching Executing clean in D__Demo_workspace_product] INFO  o.eclipse.m2e.core.internal.Bundles - 	Entry: C:\Users\ESAMYAK121\.p2\pool\plugins\org.eclipse.m2e.maven.runtime_3.9.900.20240824-1409\jars\maven-resolver-util-1.9.22.jar
2025-01-15 10:40:56,222 [Worker-26: Launching Executing clean in D__Demo_workspace_product] INFO  o.eclipse.m2e.core.internal.Bundles - 	Entry: C:\Users\ESAMYAK121\.p2\pool\plugins\org.eclipse.m2e.maven.runtime_3.9.900.20240824-1409\jars\maven-settings-3.9.9.jar
2025-01-15 10:40:56,222 [Worker-26: Launching Executing clean in D__Demo_workspace_product] INFO  o.eclipse.m2e.core.internal.Bundles - 	Entry: C:\Users\ESAMYAK121\.p2\pool\plugins\org.eclipse.m2e.maven.runtime_3.9.900.20240824-1409\jars\maven-settings-builder-3.9.9.jar
2025-01-15 10:40:56,223 [Worker-26: Launching Executing clean in D__Demo_workspace_product] INFO  o.eclipse.m2e.core.internal.Bundles - 	Entry: C:\Users\ESAMYAK121\.p2\pool\plugins\org.eclipse.m2e.maven.runtime_3.9.900.20240824-1409\jars\maven-shared-utils-3.4.2.jar
2025-01-15 10:40:56,223 [Worker-26: Launching Executing clean in D__Demo_workspace_product] INFO  o.eclipse.m2e.core.internal.Bundles - 	Entry: C:\Users\ESAMYAK121\.p2\pool\plugins\org.eclipse.m2e.maven.runtime_3.9.900.20240824-1409\jars\org.eclipse.sisu.inject-0.9.0.M3.jar
2025-01-15 10:40:56,223 [Worker-26: Launching Executing clean in D__Demo_workspace_product] INFO  o.eclipse.m2e.core.internal.Bundles - 	Entry: C:\Users\ESAMYAK121\.p2\pool\plugins\org.eclipse.m2e.maven.runtime_3.9.900.20240824-1409\jars\org.eclipse.sisu.plexus-0.9.0.M3.jar
2025-01-15 10:40:56,224 [Worker-26: Launching Executing clean in D__Demo_workspace_product] INFO  o.eclipse.m2e.core.internal.Bundles - 	Entry: C:\Users\ESAMYAK121\.p2\pool\plugins\org.eclipse.m2e.maven.runtime_3.9.900.20240824-1409\jars\plexus-build-api-0.0.7.jar
2025-01-15 10:40:56,224 [Worker-26: Launching Executing clean in D__Demo_workspace_product] INFO  o.eclipse.m2e.core.internal.Bundles - 	Entry: C:\Users\ESAMYAK121\.p2\pool\plugins\org.eclipse.m2e.maven.runtime_3.9.900.20240824-1409\jars\plexus-build-api-1.2.0.jar
2025-01-15 10:40:56,224 [Worker-26: Launching Executing clean in D__Demo_workspace_product] INFO  o.eclipse.m2e.core.internal.Bundles - 	Entry: C:\Users\ESAMYAK121\.p2\pool\plugins\org.eclipse.m2e.maven.runtime_3.9.900.20240824-1409\jars\plexus-cipher-2.0.jar
2025-01-15 10:40:56,224 [Worker-26: Launching Executing clean in D__Demo_workspace_product] INFO  o.eclipse.m2e.core.internal.Bundles - 	Entry: C:\Users\ESAMYAK121\.p2\pool\plugins\org.eclipse.m2e.maven.runtime_3.9.900.20240824-1409\jars\plexus-classworlds-2.8.0.jar
2025-01-15 10:40:56,225 [Worker-26: Launching Executing clean in D__Demo_workspace_product] INFO  o.eclipse.m2e.core.internal.Bundles - 	Entry: C:\Users\ESAMYAK121\.p2\pool\plugins\org.eclipse.m2e.maven.runtime_3.9.900.20240824-1409\jars\plexus-component-annotations-2.1.0.jar
2025-01-15 10:40:56,225 [Worker-26: Launching Executing clean in D__Demo_workspace_product] INFO  o.eclipse.m2e.core.internal.Bundles - 	Entry: C:\Users\ESAMYAK121\.p2\pool\plugins\org.eclipse.m2e.maven.runtime_3.9.900.20240824-1409\jars\plexus-interpolation-1.27.jar
2025-01-15 10:40:56,225 [Worker-26: Launching Executing clean in D__Demo_workspace_product] INFO  o.eclipse.m2e.core.internal.Bundles - 	Entry: C:\Users\ESAMYAK121\.p2\pool\plugins\org.eclipse.m2e.maven.runtime_3.9.900.20240824-1409\jars\plexus-sec-dispatcher-2.0.jar
2025-01-15 10:40:56,226 [Worker-26: Launching Executing clean in D__Demo_workspace_product] INFO  o.eclipse.m2e.core.internal.Bundles - 	Entry: C:\Users\ESAMYAK121\.p2\pool\plugins\org.eclipse.m2e.maven.runtime_3.9.900.20240824-1409\jars\plexus-utils-3.5.1.jar
2025-01-15 10:40:56,226 [Worker-26: Launching Executing clean in D__Demo_workspace_product] INFO  o.eclipse.m2e.core.internal.Bundles - 	Entry: C:\Users\ESAMYAK121\.p2\pool\plugins\org.eclipse.m2e.maven.runtime_3.9.900.20240824-1409\jars\plexus-xml-3.0.1.jar
2025-01-15 10:40:56,226 [Worker-26: Launching Executing clean in D__Demo_workspace_product] INFO  o.eclipse.m2e.core.internal.Bundles - 	Entry: C:\Users\ESAMYAK121\.p2\pool\plugins\org.eclipse.m2e.maven.runtime_3.9.900.20240824-1409\jars\wagon-file-3.5.3.jar
2025-01-15 10:40:56,226 [Worker-26: Launching Executing clean in D__Demo_workspace_product] INFO  o.eclipse.m2e.core.internal.Bundles - 	Entry: C:\Users\ESAMYAK121\.p2\pool\plugins\org.eclipse.m2e.maven.runtime_3.9.900.20240824-1409\jars\wagon-http-3.5.3.jar
2025-01-15 10:40:56,227 [Worker-26: Launching Executing clean in D__Demo_workspace_product] INFO  o.eclipse.m2e.core.internal.Bundles - 	Entry: C:\Users\ESAMYAK121\.p2\pool\plugins\org.eclipse.m2e.maven.runtime_3.9.900.20240824-1409\jars\wagon-http-shared-3.5.3.jar
2025-01-15 10:40:56,227 [Worker-26: Launching Executing clean in D__Demo_workspace_product] INFO  o.eclipse.m2e.core.internal.Bundles - 	Entry: C:\Users\ESAMYAK121\.p2\pool\plugins\org.eclipse.m2e.maven.runtime_3.9.900.20240824-1409\jars\wagon-provider-api-3.5.3.jar
2025-01-15 10:40:56,231 [Worker-26: Launching Executing clean in D__Demo_workspace_product] INFO  o.eclipse.m2e.core.internal.Bundles - getClasspathEntries(Bundle=com.google.guava_33.3.1.jre [1036])
2025-01-15 10:40:56,231 [Worker-26: Launching Executing clean in D__Demo_workspace_product] INFO  o.eclipse.m2e.core.internal.Bundles - 	Entry: C:\Users\ESAMYAK121\.p2\pool\plugins\com.google.guava_33.3.1.jre.jar
2025-01-15 10:40:56,232 [Worker-26: Launching Executing clean in D__Demo_workspace_product] INFO  o.eclipse.m2e.core.internal.Bundles - getClasspathEntries(Bundle=slf4j.api_2.0.16 [1007])
2025-01-15 10:40:56,232 [Worker-26: Launching Executing clean in D__Demo_workspace_product] INFO  o.eclipse.m2e.core.internal.Bundles - 	Entry: C:\Users\ESAMYAK121\.p2\pool\plugins\slf4j.api_2.0.16.jar
2025-01-15 10:40:56,232 [Worker-26: Launching Executing clean in D__Demo_workspace_product] INFO  o.eclipse.m2e.core.internal.Bundles - getClasspathEntries(Bundle=jakarta.inject.jakarta.inject-api_1.0.5 [34])
2025-01-15 10:40:56,233 [Worker-26: Launching Executing clean in D__Demo_workspace_product] INFO  o.eclipse.m2e.core.internal.Bundles - 	Entry: C:\Users\ESAMYAK121\.p2\pool\plugins\jakarta.inject.jakarta.inject-api_1.0.5.jar
2025-01-15 10:40:56,233 [Worker-26: Launching Executing clean in D__Demo_workspace_product] INFO  o.eclipse.m2e.core.internal.Bundles - getClasspathEntries(Bundle=jakarta.annotation-api_1.3.5 [29])
2025-01-15 10:40:56,234 [Worker-26: Launching Executing clean in D__Demo_workspace_product] INFO  o.eclipse.m2e.core.internal.Bundles - 	Entry: C:\Users\ESAMYAK121\.p2\pool\plugins\jakarta.annotation-api_1.3.5.jar
2025-01-15 10:40:56,234 [Worker-26: Launching Executing clean in D__Demo_workspace_product] INFO  o.eclipse.m2e.core.internal.Bundles - getClasspathEntries(Bundle=org.apache.commons.cli_1.9.0 [78])
2025-01-15 10:40:56,234 [Worker-26: Launching Executing clean in D__Demo_workspace_product] INFO  o.eclipse.m2e.core.internal.Bundles - 	Entry: C:\Users\ESAMYAK121\.p2\pool\plugins\org.apache.commons.cli_1.9.0.jar
2025-01-15 10:40:56,234 [Worker-26: Launching Executing clean in D__Demo_workspace_product] INFO  o.eclipse.m2e.core.internal.Bundles - getClasspathEntries(Bundle=org.apache.commons.commons-codec_1.16.0 [81])
2025-01-15 10:40:56,235 [Worker-26: Launching Executing clean in D__Demo_workspace_product] INFO  o.eclipse.m2e.core.internal.Bundles - 	Entry: C:\Users\ESAMYAK121\.p2\pool\plugins\org.apache.commons.commons-codec_1.16.0.jar
2025-01-15 10:40:56,235 [Worker-26: Launching Executing clean in D__Demo_workspace_product] INFO  o.eclipse.m2e.core.internal.Bundles - getClasspathEntries(Bundle=com.google.guava.failureaccess_1.0.2 [17])
2025-01-15 10:40:56,236 [Worker-26: Launching Executing clean in D__Demo_workspace_product] INFO  o.eclipse.m2e.core.internal.Bundles - 	Entry: C:\Users\ESAMYAK121\.p2\pool\plugins\com.google.guava.failureaccess_1.0.2.jar
2025-01-15 10:40:56,242 [Worker-26: Launching Executing clean in D__Demo_workspace_product] INFO  o.e.m.i.launch.MavenLaunchDelegate - Run build in "D:\Demo_workspace\product":
2025-01-15 10:40:56,247 [Worker-26: Launching Executing clean in D__Demo_workspace_product] INFO  o.e.m.i.launch.MavenLaunchDelegate -  mvn  -B -Dstyle.color=always clean
2025-01-15 10:40:59,792 [Worker-6: Building] INFO  o.a.m.s.f.DefaultMavenResourcesFiltering - Copying 1 resource from src\main\resources to target\classes
2025-01-15 10:40:59,796 [Worker-6: Building] INFO  o.a.m.s.f.DefaultMavenResourcesFiltering - Copying 0 resource from src\main\resources to target\classes
2025-01-15 10:40:59,801 [Worker-6: Building] INFO  o.a.m.s.f.DefaultMavenResourcesFiltering - skip non existing resourceDirectory D:\Demo_workspace\product\src\test\resources
2025-01-15 10:41:22,655 [Worker-21: Launching Executing install in D__Demo_workspace_product] INFO  o.eclipse.m2e.core.internal.Bundles - getClasspathEntries(Bundle=org.eclipse.m2e.maven.runtime_3.9.900.20240824-1409 [642])
2025-01-15 10:41:22,656 [Worker-21: Launching Executing install in D__Demo_workspace_product] INFO  o.eclipse.m2e.core.internal.Bundles - 	Entry: C:\Users\ESAMYAK121\.p2\pool\plugins\org.eclipse.m2e.maven.runtime_3.9.900.20240824-1409
2025-01-15 10:41:22,657 [Worker-21: Launching Executing install in D__Demo_workspace_product] INFO  o.eclipse.m2e.core.internal.Bundles - 	Entry: C:\Users\ESAMYAK121\.p2\pool\plugins\org.eclipse.m2e.maven.runtime_3.9.900.20240824-1409\jars\aopalliance-1.0.jar
2025-01-15 10:41:22,657 [Worker-21: Launching Executing install in D__Demo_workspace_product] INFO  o.eclipse.m2e.core.internal.Bundles - 	Entry: C:\Users\ESAMYAK121\.p2\pool\plugins\org.eclipse.m2e.maven.runtime_3.9.900.20240824-1409\jars\guice-5.1.0.jar
2025-01-15 10:41:22,658 [Worker-21: Launching Executing install in D__Demo_workspace_product] INFO  o.eclipse.m2e.core.internal.Bundles - 	Entry: C:\Users\ESAMYAK121\.p2\pool\plugins\org.eclipse.m2e.maven.runtime_3.9.900.20240824-1409\jars\httpclient-4.5.14.jar
2025-01-15 10:41:22,659 [Worker-21: Launching Executing install in D__Demo_workspace_product] INFO  o.eclipse.m2e.core.internal.Bundles - 	Entry: C:\Users\ESAMYAK121\.p2\pool\plugins\org.eclipse.m2e.maven.runtime_3.9.900.20240824-1409\jars\httpcore-4.4.16.jar
2025-01-15 10:41:22,659 [Worker-21: Launching Executing install in D__Demo_workspace_product] INFO  o.eclipse.m2e.core.internal.Bundles - 	Entry: C:\Users\ESAMYAK121\.p2\pool\plugins\org.eclipse.m2e.maven.runtime_3.9.900.20240824-1409\jars\jansi-2.4.1.jar
2025-01-15 10:41:22,659 [Worker-21: Launching Executing install in D__Demo_workspace_product] INFO  o.eclipse.m2e.core.internal.Bundles - 	Entry: C:\Users\ESAMYAK121\.p2\pool\plugins\org.eclipse.m2e.maven.runtime_3.9.900.20240824-1409\jars\jcl-over-slf4j-1.7.36.jar
2025-01-15 10:41:22,659 [Worker-21: Launching Executing install in D__Demo_workspace_product] INFO  o.eclipse.m2e.core.internal.Bundles - 	Entry: C:\Users\ESAMYAK121\.p2\pool\plugins\org.eclipse.m2e.maven.runtime_3.9.900.20240824-1409\jars\maven-artifact-3.9.9.jar
2025-01-15 10:41:22,660 [Worker-21: Launching Executing install in D__Demo_workspace_product] INFO  o.eclipse.m2e.core.internal.Bundles - 	Entry: C:\Users\ESAMYAK121\.p2\pool\plugins\org.eclipse.m2e.maven.runtime_3.9.900.20240824-1409\jars\maven-builder-support-3.9.9.jar
2025-01-15 10:41:22,662 [Worker-21: Launching Executing install in D__Demo_workspace_product] INFO  o.eclipse.m2e.core.internal.Bundles - 	Entry: C:\Users\ESAMYAK121\.p2\pool\plugins\org.eclipse.m2e.maven.runtime_3.9.900.20240824-1409\jars\maven-compat-3.9.9.jar
2025-01-15 10:41:22,663 [Worker-21: Launching Executing install in D__Demo_workspace_product] INFO  o.eclipse.m2e.core.internal.Bundles - 	Entry: C:\Users\ESAMYAK121\.p2\pool\plugins\org.eclipse.m2e.maven.runtime_3.9.900.20240824-1409\jars\maven-core-3.9.9.jar
2025-01-15 10:41:22,663 [Worker-21: Launching Executing install in D__Demo_workspace_product] INFO  o.eclipse.m2e.core.internal.Bundles - 	Entry: C:\Users\ESAMYAK121\.p2\pool\plugins\org.eclipse.m2e.maven.runtime_3.9.900.20240824-1409\jars\maven-embedder-3.9.9.jar
2025-01-15 10:41:22,664 [Worker-21: Launching Executing install in D__Demo_workspace_product] INFO  o.eclipse.m2e.core.internal.Bundles - 	Entry: C:\Users\ESAMYAK121\.p2\pool\plugins\org.eclipse.m2e.maven.runtime_3.9.900.20240824-1409\jars\maven-model-3.9.9.jar
2025-01-15 10:41:22,664 [Worker-21: Launching Executing install in D__Demo_workspace_product] INFO  o.eclipse.m2e.core.internal.Bundles - 	Entry: C:\Users\ESAMYAK121\.p2\pool\plugins\org.eclipse.m2e.maven.runtime_3.9.900.20240824-1409\jars\maven-model-builder-3.9.9.jar
2025-01-15 10:41:22,664 [Worker-21: Launching Executing install in D__Demo_workspace_product] INFO  o.eclipse.m2e.core.internal.Bundles - 	Entry: C:\Users\ESAMYAK121\.p2\pool\plugins\org.eclipse.m2e.maven.runtime_3.9.900.20240824-1409\jars\maven-plugin-api-3.9.9.jar
2025-01-15 10:41:22,665 [Worker-21: Launching Executing install in D__Demo_workspace_product] INFO  o.eclipse.m2e.core.internal.Bundles - 	Entry: C:\Users\ESAMYAK121\.p2\pool\plugins\org.eclipse.m2e.maven.runtime_3.9.900.20240824-1409\jars\maven-repository-metadata-3.9.9.jar
2025-01-15 10:41:22,665 [Worker-21: Launching Executing install in D__Demo_workspace_product] INFO  o.eclipse.m2e.core.internal.Bundles - 	Entry: C:\Users\ESAMYAK121\.p2\pool\plugins\org.eclipse.m2e.maven.runtime_3.9.900.20240824-1409\jars\maven-resolver-api-1.9.22.jar
2025-01-15 10:41:22,666 [Worker-21: Launching Executing install in D__Demo_workspace_product] INFO  o.eclipse.m2e.core.internal.Bundles - 	Entry: C:\Users\ESAMYAK121\.p2\pool\plugins\org.eclipse.m2e.maven.runtime_3.9.900.20240824-1409\jars\maven-resolver-connector-basic-1.9.22.jar
2025-01-15 10:41:22,666 [Worker-21: Launching Executing install in D__Demo_workspace_product] INFO  o.eclipse.m2e.core.internal.Bundles - 	Entry: C:\Users\ESAMYAK121\.p2\pool\plugins\org.eclipse.m2e.maven.runtime_3.9.900.20240824-1409\jars\maven-resolver-impl-1.9.22.jar
2025-01-15 10:41:22,667 [Worker-21: Launching Executing install in D__Demo_workspace_product] INFO  o.eclipse.m2e.core.internal.Bundles - 	Entry: C:\Users\ESAMYAK121\.p2\pool\plugins\org.eclipse.m2e.maven.runtime_3.9.900.20240824-1409\jars\maven-resolver-named-locks-1.9.22.jar
2025-01-15 10:41:22,667 [Worker-21: Launching Executing install in D__Demo_workspace_product] INFO  o.eclipse.m2e.core.internal.Bundles - 	Entry: C:\Users\ESAMYAK121\.p2\pool\plugins\org.eclipse.m2e.maven.runtime_3.9.900.20240824-1409\jars\maven-resolver-provider-3.9.9.jar
2025-01-15 10:41:22,667 [Worker-21: Launching Executing install in D__Demo_workspace_product] INFO  o.eclipse.m2e.core.internal.Bundles - 	Entry: C:\Users\ESAMYAK121\.p2\pool\plugins\org.eclipse.m2e.maven.runtime_3.9.900.20240824-1409\jars\maven-resolver-spi-1.9.22.jar
2025-01-15 10:41:22,668 [Worker-21: Launching Executing install in D__Demo_workspace_product] INFO  o.eclipse.m2e.core.internal.Bundles - 	Entry: C:\Users\ESAMYAK121\.p2\pool\plugins\org.eclipse.m2e.maven.runtime_3.9.900.20240824-1409\jars\maven-resolver-transport-file-1.9.22.jar
2025-01-15 10:41:22,668 [Worker-21: Launching Executing install in D__Demo_workspace_product] INFO  o.eclipse.m2e.core.internal.Bundles - 	Entry: C:\Users\ESAMYAK121\.p2\pool\plugins\org.eclipse.m2e.maven.runtime_3.9.900.20240824-1409\jars\maven-resolver-transport-http-1.9.22.jar
2025-01-15 10:41:22,668 [Worker-21: Launching Executing install in D__Demo_workspace_product] INFO  o.eclipse.m2e.core.internal.Bundles - 	Entry: C:\Users\ESAMYAK121\.p2\pool\plugins\org.eclipse.m2e.maven.runtime_3.9.900.20240824-1409\jars\maven-resolver-transport-wagon-1.9.22.jar
2025-01-15 10:41:22,668 [Worker-21: Launching Executing install in D__Demo_workspace_product] INFO  o.eclipse.m2e.core.internal.Bundles - 	Entry: C:\Users\ESAMYAK121\.p2\pool\plugins\org.eclipse.m2e.maven.runtime_3.9.900.20240824-1409\jars\maven-resolver-util-1.9.22.jar
2025-01-15 10:41:22,669 [Worker-21: Launching Executing install in D__Demo_workspace_product] INFO  o.eclipse.m2e.core.internal.Bundles - 	Entry: C:\Users\ESAMYAK121\.p2\pool\plugins\org.eclipse.m2e.maven.runtime_3.9.900.20240824-1409\jars\maven-settings-3.9.9.jar
2025-01-15 10:41:22,689 [Worker-21: Launching Executing install in D__Demo_workspace_product] INFO  o.eclipse.m2e.core.internal.Bundles - 	Entry: C:\Users\ESAMYAK121\.p2\pool\plugins\org.eclipse.m2e.maven.runtime_3.9.900.20240824-1409\jars\maven-settings-builder-3.9.9.jar
2025-01-15 10:41:22,690 [Worker-21: Launching Executing install in D__Demo_workspace_product] INFO  o.eclipse.m2e.core.internal.Bundles - 	Entry: C:\Users\ESAMYAK121\.p2\pool\plugins\org.eclipse.m2e.maven.runtime_3.9.900.20240824-1409\jars\maven-shared-utils-3.4.2.jar
2025-01-15 10:41:22,690 [Worker-21: Launching Executing install in D__Demo_workspace_product] INFO  o.eclipse.m2e.core.internal.Bundles - 	Entry: C:\Users\ESAMYAK121\.p2\pool\plugins\org.eclipse.m2e.maven.runtime_3.9.900.20240824-1409\jars\org.eclipse.sisu.inject-0.9.0.M3.jar
2025-01-15 10:41:22,690 [Worker-21: Launching Executing install in D__Demo_workspace_product] INFO  o.eclipse.m2e.core.internal.Bundles - 	Entry: C:\Users\ESAMYAK121\.p2\pool\plugins\org.eclipse.m2e.maven.runtime_3.9.900.20240824-1409\jars\org.eclipse.sisu.plexus-0.9.0.M3.jar
2025-01-15 10:41:22,691 [Worker-21: Launching Executing install in D__Demo_workspace_product] INFO  o.eclipse.m2e.core.internal.Bundles - 	Entry: C:\Users\ESAMYAK121\.p2\pool\plugins\org.eclipse.m2e.maven.runtime_3.9.900.20240824-1409\jars\plexus-build-api-0.0.7.jar
2025-01-15 10:41:22,691 [Worker-21: Launching Executing install in D__Demo_workspace_product] INFO  o.eclipse.m2e.core.internal.Bundles - 	Entry: C:\Users\ESAMYAK121\.p2\pool\plugins\org.eclipse.m2e.maven.runtime_3.9.900.20240824-1409\jars\plexus-build-api-1.2.0.jar
2025-01-15 10:41:22,691 [Worker-21: Launching Executing install in D__Demo_workspace_product] INFO  o.eclipse.m2e.core.internal.Bundles - 	Entry: C:\Users\ESAMYAK121\.p2\pool\plugins\org.eclipse.m2e.maven.runtime_3.9.900.20240824-1409\jars\plexus-cipher-2.0.jar
2025-01-15 10:41:22,692 [Worker-21: Launching Executing install in D__Demo_workspace_product] INFO  o.eclipse.m2e.core.internal.Bundles - 	Entry: C:\Users\ESAMYAK121\.p2\pool\plugins\org.eclipse.m2e.maven.runtime_3.9.900.20240824-1409\jars\plexus-classworlds-2.8.0.jar
2025-01-15 10:41:22,692 [Worker-21: Launching Executing install in D__Demo_workspace_product] INFO  o.eclipse.m2e.core.internal.Bundles - 	Entry: C:\Users\ESAMYAK121\.p2\pool\plugins\org.eclipse.m2e.maven.runtime_3.9.900.20240824-1409\jars\plexus-component-annotations-2.1.0.jar
2025-01-15 10:41:22,693 [Worker-21: Launching Executing install in D__Demo_workspace_product] INFO  o.eclipse.m2e.core.internal.Bundles - 	Entry: C:\Users\ESAMYAK121\.p2\pool\plugins\org.eclipse.m2e.maven.runtime_3.9.900.20240824-1409\jars\plexus-interpolation-1.27.jar
2025-01-15 10:41:22,695 [Worker-21: Launching Executing install in D__Demo_workspace_product] INFO  o.eclipse.m2e.core.internal.Bundles - 	Entry: C:\Users\ESAMYAK121\.p2\pool\plugins\org.eclipse.m2e.maven.runtime_3.9.900.20240824-1409\jars\plexus-sec-dispatcher-2.0.jar
2025-01-15 10:41:22,696 [Worker-21: Launching Executing install in D__Demo_workspace_product] INFO  o.eclipse.m2e.core.internal.Bundles - 	Entry: C:\Users\ESAMYAK121\.p2\pool\plugins\org.eclipse.m2e.maven.runtime_3.9.900.20240824-1409\jars\plexus-utils-3.5.1.jar
2025-01-15 10:41:22,696 [Worker-21: Launching Executing install in D__Demo_workspace_product] INFO  o.eclipse.m2e.core.internal.Bundles - 	Entry: C:\Users\ESAMYAK121\.p2\pool\plugins\org.eclipse.m2e.maven.runtime_3.9.900.20240824-1409\jars\plexus-xml-3.0.1.jar
2025-01-15 10:41:22,697 [Worker-21: Launching Executing install in D__Demo_workspace_product] INFO  o.eclipse.m2e.core.internal.Bundles - 	Entry: C:\Users\ESAMYAK121\.p2\pool\plugins\org.eclipse.m2e.maven.runtime_3.9.900.20240824-1409\jars\wagon-file-3.5.3.jar
2025-01-15 10:41:22,697 [Worker-21: Launching Executing install in D__Demo_workspace_product] INFO  o.eclipse.m2e.core.internal.Bundles - 	Entry: C:\Users\ESAMYAK121\.p2\pool\plugins\org.eclipse.m2e.maven.runtime_3.9.900.20240824-1409\jars\wagon-http-3.5.3.jar
2025-01-15 10:41:22,697 [Worker-21: Launching Executing install in D__Demo_workspace_product] INFO  o.eclipse.m2e.core.internal.Bundles - 	Entry: C:\Users\ESAMYAK121\.p2\pool\plugins\org.eclipse.m2e.maven.runtime_3.9.900.20240824-1409\jars\wagon-http-shared-3.5.3.jar
2025-01-15 10:41:22,698 [Worker-21: Launching Executing install in D__Demo_workspace_product] INFO  o.eclipse.m2e.core.internal.Bundles - 	Entry: C:\Users\ESAMYAK121\.p2\pool\plugins\org.eclipse.m2e.maven.runtime_3.9.900.20240824-1409\jars\wagon-provider-api-3.5.3.jar
2025-01-15 10:41:22,698 [Worker-21: Launching Executing install in D__Demo_workspace_product] INFO  o.eclipse.m2e.core.internal.Bundles - getClasspathEntries(Bundle=com.google.guava_33.3.1.jre [1036])
2025-01-15 10:41:22,699 [Worker-21: Launching Executing install in D__Demo_workspace_product] INFO  o.eclipse.m2e.core.internal.Bundles - 	Entry: C:\Users\ESAMYAK121\.p2\pool\plugins\com.google.guava_33.3.1.jre.jar
2025-01-15 10:41:22,699 [Worker-21: Launching Executing install in D__Demo_workspace_product] INFO  o.eclipse.m2e.core.internal.Bundles - getClasspathEntries(Bundle=slf4j.api_2.0.16 [1007])
2025-01-15 10:41:22,700 [Worker-21: Launching Executing install in D__Demo_workspace_product] INFO  o.eclipse.m2e.core.internal.Bundles - 	Entry: C:\Users\ESAMYAK121\.p2\pool\plugins\slf4j.api_2.0.16.jar
2025-01-15 10:41:22,700 [Worker-21: Launching Executing install in D__Demo_workspace_product] INFO  o.eclipse.m2e.core.internal.Bundles - getClasspathEntries(Bundle=jakarta.inject.jakarta.inject-api_1.0.5 [34])
2025-01-15 10:41:22,701 [Worker-21: Launching Executing install in D__Demo_workspace_product] INFO  o.eclipse.m2e.core.internal.Bundles - 	Entry: C:\Users\ESAMYAK121\.p2\pool\plugins\jakarta.inject.jakarta.inject-api_1.0.5.jar
2025-01-15 10:41:22,701 [Worker-21: Launching Executing install in D__Demo_workspace_product] INFO  o.eclipse.m2e.core.internal.Bundles - getClasspathEntries(Bundle=jakarta.annotation-api_1.3.5 [29])
2025-01-15 10:41:22,701 [Worker-21: Launching Executing install in D__Demo_workspace_product] INFO  o.eclipse.m2e.core.internal.Bundles - 	Entry: C:\Users\ESAMYAK121\.p2\pool\plugins\jakarta.annotation-api_1.3.5.jar
2025-01-15 10:41:22,701 [Worker-21: Launching Executing install in D__Demo_workspace_product] INFO  o.eclipse.m2e.core.internal.Bundles - getClasspathEntries(Bundle=org.apache.commons.cli_1.9.0 [78])
2025-01-15 10:41:22,702 [Worker-21: Launching Executing install in D__Demo_workspace_product] INFO  o.eclipse.m2e.core.internal.Bundles - 	Entry: C:\Users\ESAMYAK121\.p2\pool\plugins\org.apache.commons.cli_1.9.0.jar
2025-01-15 10:41:22,702 [Worker-21: Launching Executing install in D__Demo_workspace_product] INFO  o.eclipse.m2e.core.internal.Bundles - getClasspathEntries(Bundle=org.apache.commons.commons-codec_1.16.0 [81])
2025-01-15 10:41:22,703 [Worker-21: Launching Executing install in D__Demo_workspace_product] INFO  o.eclipse.m2e.core.internal.Bundles - 	Entry: C:\Users\ESAMYAK121\.p2\pool\plugins\org.apache.commons.commons-codec_1.16.0.jar
2025-01-15 10:41:22,703 [Worker-21: Launching Executing install in D__Demo_workspace_product] INFO  o.eclipse.m2e.core.internal.Bundles - getClasspathEntries(Bundle=com.google.guava.failureaccess_1.0.2 [17])
2025-01-15 10:41:22,704 [Worker-21: Launching Executing install in D__Demo_workspace_product] INFO  o.eclipse.m2e.core.internal.Bundles - 	Entry: C:\Users\ESAMYAK121\.p2\pool\plugins\com.google.guava.failureaccess_1.0.2.jar
2025-01-15 10:41:22,714 [Worker-21: Launching Executing install in D__Demo_workspace_product] INFO  o.e.m.i.launch.MavenLaunchDelegate - Run build in "D:\Demo_workspace\product":
2025-01-15 10:41:22,715 [Worker-21: Launching Executing install in D__Demo_workspace_product] INFO  o.e.m.i.launch.MavenLaunchDelegate -  mvn  -B -Dstyle.color=always install
2025-01-15 10:41:43,140 [Worker-23: Building] INFO  o.a.m.s.f.DefaultMavenResourcesFiltering - Copying 1 resource from src\main\resources to target\classes
2025-01-15 10:41:43,147 [Worker-23: Building] INFO  o.a.m.s.f.DefaultMavenResourcesFiltering - Copying 0 resource from src\main\resources to target\classes
2025-01-15 10:41:43,153 [Worker-23: Building] INFO  o.a.m.s.f.DefaultMavenResourcesFiltering - skip non existing resourceDirectory D:\Demo_workspace\product\src\test\resources
2025-01-15 11:06:29,231 [Worker-32: Building] INFO  o.a.m.s.f.DefaultMavenResourcesFiltering - Copying 1 resource from src\main\resources to target\classes
2025-01-15 11:06:29,246 [Worker-32: Building] INFO  o.a.m.s.f.DefaultMavenResourcesFiltering - Copying 0 resource from src\main\resources to target\classes
2025-01-15 11:06:29,249 [Worker-32: Building] INFO  o.a.m.s.f.DefaultMavenResourcesFiltering - skip non existing resourceDirectory D:\Demo_workspace\product\src\test\resources
2025-01-15 11:34:23,749 [Worker-45: Building] INFO  o.a.m.s.f.DefaultMavenResourcesFiltering - Copying 1 resource from src\main\resources to target\classes
2025-01-15 11:34:23,866 [Worker-45: Building] INFO  o.a.m.s.f.DefaultMavenResourcesFiltering - Copying 0 resource from src\main\resources to target\classes
2025-01-15 11:34:23,870 [Worker-45: Building] INFO  o.a.m.s.f.DefaultMavenResourcesFiltering - skip non existing resourceDirectory D:\Demo_workspace\product\src\test\resources
2025-01-15 11:35:47,680 [Worker-44: Building] INFO  o.a.m.s.f.DefaultMavenResourcesFiltering - Copying 1 resource from src\main\resources to target\classes
2025-01-15 11:35:47,688 [Worker-44: Building] INFO  o.a.m.s.f.DefaultMavenResourcesFiltering - Copying 0 resource from src\main\resources to target\classes
2025-01-15 11:35:47,692 [Worker-44: Building] INFO  o.a.m.s.f.DefaultMavenResourcesFiltering - skip non existing resourceDirectory D:\Demo_workspace\product\src\test\resources
2025-01-15 11:35:57,391 [Worker-43: Building] INFO  o.a.m.s.f.DefaultMavenResourcesFiltering - Copying 1 resource from src\main\resources to target\classes
2025-01-15 11:35:57,406 [Worker-43: Building] INFO  o.a.m.s.f.DefaultMavenResourcesFiltering - Copying 0 resource from src\main\resources to target\classes
2025-01-15 11:35:57,410 [Worker-43: Building] INFO  o.a.m.s.f.DefaultMavenResourcesFiltering - skip non existing resourceDirectory D:\Demo_workspace\product\src\test\resources
2025-01-15 11:36:08,174 [Worker-45: Building] INFO  o.a.m.s.f.DefaultMavenResourcesFiltering - Copying 1 resource from src\main\resources to target\classes
2025-01-15 11:36:08,181 [Worker-45: Building] INFO  o.a.m.s.f.DefaultMavenResourcesFiltering - Copying 0 resource from src\main\resources to target\classes
2025-01-15 11:36:08,184 [Worker-45: Building] INFO  o.a.m.s.f.DefaultMavenResourcesFiltering - skip non existing resourceDirectory D:\Demo_workspace\product\src\test\resources
2025-01-15 11:37:01,837 [Worker-47: Building] INFO  o.a.m.s.f.DefaultMavenResourcesFiltering - Copying 1 resource from src\main\resources to target\classes
2025-01-15 11:37:01,979 [Worker-47: Building] INFO  o.a.m.s.f.DefaultMavenResourcesFiltering - Copying 0 resource from src\main\resources to target\classes
2025-01-15 11:37:01,983 [Worker-47: Building] INFO  o.a.m.s.f.DefaultMavenResourcesFiltering - skip non existing resourceDirectory D:\Demo_workspace\product\src\test\resources
2025-01-15 11:37:36,095 [Worker-40: Building] INFO  o.a.m.s.f.DefaultMavenResourcesFiltering - Copying 1 resource from src\main\resources to target\classes
2025-01-15 11:37:36,207 [Worker-40: Building] INFO  o.a.m.s.f.DefaultMavenResourcesFiltering - Copying 0 resource from src\main\resources to target\classes
2025-01-15 11:37:36,210 [Worker-40: Building] INFO  o.a.m.s.f.DefaultMavenResourcesFiltering - skip non existing resourceDirectory D:\Demo_workspace\product\src\test\resources
2025-01-15 11:38:20,277 [Worker-43: Building] INFO  o.a.m.s.f.DefaultMavenResourcesFiltering - Copying 1 resource from src\main\resources to target\classes
2025-01-15 11:38:20,289 [Worker-43: Building] INFO  o.a.m.s.f.DefaultMavenResourcesFiltering - Copying 0 resource from src\main\resources to target\classes
2025-01-15 11:38:20,292 [Worker-43: Building] INFO  o.a.m.s.f.DefaultMavenResourcesFiltering - skip non existing resourceDirectory D:\Demo_workspace\product\src\test\resources
2025-01-15 11:38:24,170 [Worker-45: Building] INFO  o.a.m.s.f.DefaultMavenResourcesFiltering - Copying 1 resource from src\main\resources to target\classes
2025-01-15 11:38:24,177 [Worker-45: Building] INFO  o.a.m.s.f.DefaultMavenResourcesFiltering - Copying 0 resource from src\main\resources to target\classes
2025-01-15 11:38:24,180 [Worker-45: Building] INFO  o.a.m.s.f.DefaultMavenResourcesFiltering - skip non existing resourceDirectory D:\Demo_workspace\product\src\test\resources
2025-01-15 11:38:55,962 [Worker-35: Building] INFO  o.a.m.s.f.DefaultMavenResourcesFiltering - Copying 1 resource from src\main\resources to target\classes
2025-01-15 11:38:55,968 [Worker-35: Building] INFO  o.a.m.s.f.DefaultMavenResourcesFiltering - Copying 0 resource from src\main\resources to target\classes
2025-01-15 11:38:55,971 [Worker-35: Building] INFO  o.a.m.s.f.DefaultMavenResourcesFiltering - skip non existing resourceDirectory D:\Demo_workspace\product\src\test\resources
2025-01-15 11:39:00,476 [Worker-46: Building] INFO  o.a.m.s.f.DefaultMavenResourcesFiltering - Copying 1 resource from src\main\resources to target\classes
2025-01-15 11:39:00,483 [Worker-46: Building] INFO  o.a.m.s.f.DefaultMavenResourcesFiltering - Copying 0 resource from src\main\resources to target\classes
2025-01-15 11:39:00,486 [Worker-46: Building] INFO  o.a.m.s.f.DefaultMavenResourcesFiltering - skip non existing resourceDirectory D:\Demo_workspace\product\src\test\resources
2025-01-15 11:39:12,304 [Worker-45: Building] INFO  o.a.m.s.f.DefaultMavenResourcesFiltering - Copying 1 resource from src\main\resources to target\classes
2025-01-15 11:39:12,310 [Worker-45: Building] INFO  o.a.m.s.f.DefaultMavenResourcesFiltering - Copying 0 resource from src\main\resources to target\classes
2025-01-15 11:39:12,313 [Worker-45: Building] INFO  o.a.m.s.f.DefaultMavenResourcesFiltering - skip non existing resourceDirectory D:\Demo_workspace\product\src\test\resources
2025-01-15 11:39:45,496 [Worker-35: Building] INFO  o.a.m.s.f.DefaultMavenResourcesFiltering - Copying 1 resource from src\main\resources to target\classes
2025-01-15 11:39:45,514 [Worker-35: Building] INFO  o.a.m.s.f.DefaultMavenResourcesFiltering - Copying 0 resource from src\main\resources to target\classes
2025-01-15 11:39:45,517 [Worker-35: Building] INFO  o.a.m.s.f.DefaultMavenResourcesFiltering - skip non existing resourceDirectory D:\Demo_workspace\product\src\test\resources
2025-01-15 11:39:51,650 [Worker-35: Building] INFO  o.a.m.s.f.DefaultMavenResourcesFiltering - Copying 1 resource from src\main\resources to target\classes
2025-01-15 11:39:51,655 [Worker-35: Building] INFO  o.a.m.s.f.DefaultMavenResourcesFiltering - Copying 0 resource from src\main\resources to target\classes
2025-01-15 11:39:51,659 [Worker-35: Building] INFO  o.a.m.s.f.DefaultMavenResourcesFiltering - skip non existing resourceDirectory D:\Demo_workspace\product\src\test\resources
2025-01-15 11:49:53,683 [Worker-52: Building] INFO  o.a.m.s.f.DefaultMavenResourcesFiltering - Copying 1 resource from src\main\resources to target\classes
2025-01-15 11:49:53,704 [Worker-52: Building] INFO  o.a.m.s.f.DefaultMavenResourcesFiltering - Copying 0 resource from src\main\resources to target\classes
2025-01-15 11:49:53,711 [Worker-52: Building] INFO  o.a.m.s.f.DefaultMavenResourcesFiltering - skip non existing resourceDirectory D:\Demo_workspace\product\src\test\resources
2025-01-15 11:50:07,725 [Worker-50: Building] INFO  o.a.m.s.f.DefaultMavenResourcesFiltering - Copying 1 resource from src\main\resources to target\classes
2025-01-15 11:50:07,741 [Worker-50: Building] INFO  o.a.m.s.f.DefaultMavenResourcesFiltering - Copying 0 resource from src\main\resources to target\classes
2025-01-15 11:50:07,745 [Worker-50: Building] INFO  o.a.m.s.f.DefaultMavenResourcesFiltering - skip non existing resourceDirectory D:\Demo_workspace\product\src\test\resources
2025-01-15 11:50:25,857 [Worker-40: Building] INFO  o.a.m.s.f.DefaultMavenResourcesFiltering - Copying 1 resource from src\main\resources to target\classes
2025-01-15 11:50:25,864 [Worker-40: Building] INFO  o.a.m.s.f.DefaultMavenResourcesFiltering - Copying 0 resource from src\main\resources to target\classes
2025-01-15 11:50:25,867 [Worker-40: Building] INFO  o.a.m.s.f.DefaultMavenResourcesFiltering - skip non existing resourceDirectory D:\Demo_workspace\product\src\test\resources
2025-01-15 11:52:08,917 [Worker-35: Building] INFO  o.a.m.s.f.DefaultMavenResourcesFiltering - Copying 1 resource from src\main\resources to target\classes
2025-01-15 11:52:08,927 [Worker-35: Building] INFO  o.a.m.s.f.DefaultMavenResourcesFiltering - Copying 0 resource from src\main\resources to target\classes
2025-01-15 11:52:08,930 [Worker-35: Building] INFO  o.a.m.s.f.DefaultMavenResourcesFiltering - skip non existing resourceDirectory D:\Demo_workspace\product\src\test\resources
2025-01-15 11:52:30,921 [Worker-35: Building] INFO  o.a.m.s.f.DefaultMavenResourcesFiltering - Copying 1 resource from src\main\resources to target\classes
2025-01-15 11:52:30,946 [Worker-35: Building] INFO  o.a.m.s.f.DefaultMavenResourcesFiltering - Copying 0 resource from src\main\resources to target\classes
2025-01-15 11:52:30,949 [Worker-35: Building] INFO  o.a.m.s.f.DefaultMavenResourcesFiltering - skip non existing resourceDirectory D:\Demo_workspace\product\src\test\resources
2025-01-15 11:52:50,240 [Worker-55: Building] INFO  o.a.m.s.f.DefaultMavenResourcesFiltering - Copying 1 resource from src\main\resources to target\classes
2025-01-15 11:52:50,285 [Worker-55: Building] INFO  o.a.m.s.f.DefaultMavenResourcesFiltering - Copying 0 resource from src\main\resources to target\classes
2025-01-15 11:52:50,288 [Worker-55: Building] INFO  o.a.m.s.f.DefaultMavenResourcesFiltering - skip non existing resourceDirectory D:\Demo_workspace\product\src\test\resources
2025-01-15 12:01:09,070 [Worker-50: Building] INFO  o.a.m.s.f.DefaultMavenResourcesFiltering - Copying 1 resource from src\main\resources to target\classes
2025-01-15 12:01:09,108 [Worker-50: Building] INFO  o.a.m.s.f.DefaultMavenResourcesFiltering - Copying 0 resource from src\main\resources to target\classes
2025-01-15 12:01:09,112 [Worker-50: Building] INFO  o.a.m.s.f.DefaultMavenResourcesFiltering - skip non existing resourceDirectory D:\Demo_workspace\product\src\test\resources
2025-01-15 12:01:25,702 [Worker-62: Building] INFO  o.a.m.s.f.DefaultMavenResourcesFiltering - Copying 1 resource from src\main\resources to target\classes
2025-01-15 12:01:25,710 [Worker-62: Building] INFO  o.a.m.s.f.DefaultMavenResourcesFiltering - Copying 0 resource from src\main\resources to target\classes
2025-01-15 12:01:25,713 [Worker-62: Building] INFO  o.a.m.s.f.DefaultMavenResourcesFiltering - skip non existing resourceDirectory D:\Demo_workspace\product\src\test\resources
2025-01-15 12:06:27,831 [Worker-64: Building] INFO  o.a.m.s.f.DefaultMavenResourcesFiltering - Copying 1 resource from src\main\resources to target\classes
2025-01-15 12:06:27,848 [Worker-64: Building] INFO  o.a.m.s.f.DefaultMavenResourcesFiltering - Copying 0 resource from src\main\resources to target\classes
2025-01-15 12:06:27,852 [Worker-64: Building] INFO  o.a.m.s.f.DefaultMavenResourcesFiltering - skip non existing resourceDirectory D:\Demo_workspace\product\src\test\resources
2025-01-15 12:06:39,021 [Worker-64: Building] INFO  o.a.m.s.f.DefaultMavenResourcesFiltering - Copying 1 resource from src\main\resources to target\classes
2025-01-15 12:06:39,060 [Worker-64: Building] INFO  o.a.m.s.f.DefaultMavenResourcesFiltering - Copying 0 resource from src\main\resources to target\classes
2025-01-15 12:06:39,065 [Worker-64: Building] INFO  o.a.m.s.f.DefaultMavenResourcesFiltering - skip non existing resourceDirectory D:\Demo_workspace\product\src\test\resources
2025-01-15 12:06:52,356 [Worker-66: Building] INFO  o.a.m.s.f.DefaultMavenResourcesFiltering - Copying 1 resource from src\main\resources to target\classes
2025-01-15 12:06:52,361 [Worker-66: Building] INFO  o.a.m.s.f.DefaultMavenResourcesFiltering - Copying 0 resource from src\main\resources to target\classes
2025-01-15 12:06:52,365 [Worker-66: Building] INFO  o.a.m.s.f.DefaultMavenResourcesFiltering - skip non existing resourceDirectory D:\Demo_workspace\product\src\test\resources
2025-01-15 12:21:44,768 [Worker-70: Building] INFO  o.a.m.s.f.DefaultMavenResourcesFiltering - Copying 1 resource from src\main\resources to target\classes
2025-01-15 12:21:44,826 [Worker-70: Building] INFO  o.a.m.s.f.DefaultMavenResourcesFiltering - Copying 0 resource from src\main\resources to target\classes
2025-01-15 12:21:44,829 [Worker-70: Building] INFO  o.a.m.s.f.DefaultMavenResourcesFiltering - skip non existing resourceDirectory D:\Demo_workspace\product\src\test\resources
2025-01-15 12:25:02,133 [Worker-69: Building] INFO  o.a.m.s.f.DefaultMavenResourcesFiltering - Copying 1 resource from src\main\resources to target\classes
2025-01-15 12:25:02,152 [Worker-69: Building] INFO  o.a.m.s.f.DefaultMavenResourcesFiltering - Copying 0 resource from src\main\resources to target\classes
2025-01-15 12:25:02,155 [Worker-69: Building] INFO  o.a.m.s.f.DefaultMavenResourcesFiltering - skip non existing resourceDirectory D:\Demo_workspace\product\src\test\resources
2025-01-15 12:25:22,726 [Worker-70: Building] INFO  o.a.m.s.f.DefaultMavenResourcesFiltering - Copying 1 resource from src\main\resources to target\classes
2025-01-15 12:25:22,734 [Worker-70: Building] INFO  o.a.m.s.f.DefaultMavenResourcesFiltering - Copying 0 resource from src\main\resources to target\classes
2025-01-15 12:25:22,737 [Worker-70: Building] INFO  o.a.m.s.f.DefaultMavenResourcesFiltering - skip non existing resourceDirectory D:\Demo_workspace\product\src\test\resources
2025-01-15 12:25:32,701 [Worker-58: Building] INFO  o.a.m.s.f.DefaultMavenResourcesFiltering - Copying 1 resource from src\main\resources to target\classes
2025-01-15 12:25:32,710 [Worker-58: Building] INFO  o.a.m.s.f.DefaultMavenResourcesFiltering - Copying 0 resource from src\main\resources to target\classes
2025-01-15 12:25:32,713 [Worker-58: Building] INFO  o.a.m.s.f.DefaultMavenResourcesFiltering - skip non existing resourceDirectory D:\Demo_workspace\product\src\test\resources
2025-01-15 12:25:54,037 [Worker-71: Building] INFO  o.a.m.s.f.DefaultMavenResourcesFiltering - Copying 1 resource from src\main\resources to target\classes
2025-01-15 12:25:54,094 [Worker-71: Building] INFO  o.a.m.s.f.DefaultMavenResourcesFiltering - Copying 0 resource from src\main\resources to target\classes
2025-01-15 12:25:54,097 [Worker-71: Building] INFO  o.a.m.s.f.DefaultMavenResourcesFiltering - skip non existing resourceDirectory D:\Demo_workspace\product\src\test\resources
2025-01-15 12:25:58,211 [Worker-71: Building] INFO  o.a.m.s.f.DefaultMavenResourcesFiltering - Copying 1 resource from src\main\resources to target\classes
2025-01-15 12:25:58,217 [Worker-71: Building] INFO  o.a.m.s.f.DefaultMavenResourcesFiltering - Copying 0 resource from src\main\resources to target\classes
2025-01-15 12:25:58,221 [Worker-71: Building] INFO  o.a.m.s.f.DefaultMavenResourcesFiltering - skip non existing resourceDirectory D:\Demo_workspace\product\src\test\resources
2025-01-15 12:26:08,627 [Worker-73: Building] INFO  o.a.m.s.f.DefaultMavenResourcesFiltering - Copying 1 resource from src\main\resources to target\classes
2025-01-15 12:26:08,647 [Worker-73: Building] INFO  o.a.m.s.f.DefaultMavenResourcesFiltering - Copying 0 resource from src\main\resources to target\classes
2025-01-15 12:26:08,650 [Worker-73: Building] INFO  o.a.m.s.f.DefaultMavenResourcesFiltering - skip non existing resourceDirectory D:\Demo_workspace\product\src\test\resources
2025-01-15 12:26:39,250 [Worker-58: Building] INFO  o.a.m.s.f.DefaultMavenResourcesFiltering - Copying 1 resource from src\main\resources to target\classes
2025-01-15 12:26:39,257 [Worker-58: Building] INFO  o.a.m.s.f.DefaultMavenResourcesFiltering - Copying 0 resource from src\main\resources to target\classes
2025-01-15 12:26:39,260 [Worker-58: Building] INFO  o.a.m.s.f.DefaultMavenResourcesFiltering - skip non existing resourceDirectory D:\Demo_workspace\product\src\test\resources
2025-01-15 12:29:04,554 [Worker-73: Building] INFO  o.a.m.s.f.DefaultMavenResourcesFiltering - Copying 1 resource from src\main\resources to target\classes
2025-01-15 12:29:04,561 [Worker-73: Building] INFO  o.a.m.s.f.DefaultMavenResourcesFiltering - Copying 0 resource from src\main\resources to target\classes
2025-01-15 12:29:04,564 [Worker-73: Building] INFO  o.a.m.s.f.DefaultMavenResourcesFiltering - skip non existing resourceDirectory D:\Demo_workspace\product\src\test\resources
2025-01-15 12:30:12,794 [Worker-72: Building] INFO  o.a.m.s.f.DefaultMavenResourcesFiltering - Copying 1 resource from src\main\resources to target\classes
2025-01-15 12:30:12,810 [Worker-72: Building] INFO  o.a.m.s.f.DefaultMavenResourcesFiltering - Copying 0 resource from src\main\resources to target\classes
2025-01-15 12:30:12,814 [Worker-72: Building] INFO  o.a.m.s.f.DefaultMavenResourcesFiltering - skip non existing resourceDirectory D:\Demo_workspace\product\src\test\resources
2025-01-15 12:30:15,414 [Worker-71: Building] INFO  o.a.m.s.f.DefaultMavenResourcesFiltering - Copying 1 resource from src\main\resources to target\classes
2025-01-15 12:30:15,419 [Worker-71: Building] INFO  o.a.m.s.f.DefaultMavenResourcesFiltering - Copying 0 resource from src\main\resources to target\classes
2025-01-15 12:30:15,422 [Worker-71: Building] INFO  o.a.m.s.f.DefaultMavenResourcesFiltering - skip non existing resourceDirectory D:\Demo_workspace\product\src\test\resources
2025-01-15 12:35:47,219 [Worker-72: Building] INFO  o.a.m.s.f.DefaultMavenResourcesFiltering - Copying 1 resource from src\main\resources to target\classes
2025-01-15 12:35:47,225 [Worker-72: Building] INFO  o.a.m.s.f.DefaultMavenResourcesFiltering - Copying 0 resource from src\main\resources to target\classes
2025-01-15 12:35:47,228 [Worker-72: Building] INFO  o.a.m.s.f.DefaultMavenResourcesFiltering - skip non existing resourceDirectory D:\Demo_workspace\product\src\test\resources
2025-01-15 12:36:16,650 [Worker-77: Building] INFO  o.a.m.s.f.DefaultMavenResourcesFiltering - Copying 1 resource from src\main\resources to target\classes
2025-01-15 12:36:16,655 [Worker-77: Building] INFO  o.a.m.s.f.DefaultMavenResourcesFiltering - Copying 0 resource from src\main\resources to target\classes
2025-01-15 12:36:16,658 [Worker-77: Building] INFO  o.a.m.s.f.DefaultMavenResourcesFiltering - skip non existing resourceDirectory D:\Demo_workspace\product\src\test\resources
2025-01-15 12:37:58,249 [Worker-76: Building] INFO  o.a.m.s.f.DefaultMavenResourcesFiltering - Copying 1 resource from src\main\resources to target\classes
2025-01-15 12:37:58,256 [Worker-76: Building] INFO  o.a.m.s.f.DefaultMavenResourcesFiltering - Copying 0 resource from src\main\resources to target\classes
2025-01-15 12:37:58,259 [Worker-76: Building] INFO  o.a.m.s.f.DefaultMavenResourcesFiltering - skip non existing resourceDirectory D:\Demo_workspace\product\src\test\resources
2025-01-15 12:38:13,923 [Worker-72: Building] INFO  o.a.m.s.f.DefaultMavenResourcesFiltering - Copying 1 resource from src\main\resources to target\classes
2025-01-15 12:38:13,930 [Worker-72: Building] INFO  o.a.m.s.f.DefaultMavenResourcesFiltering - Copying 0 resource from src\main\resources to target\classes
2025-01-15 12:38:13,933 [Worker-72: Building] INFO  o.a.m.s.f.DefaultMavenResourcesFiltering - skip non existing resourceDirectory D:\Demo_workspace\product\src\test\resources
2025-01-15 12:40:13,625 [Worker-75: Building] INFO  o.a.m.s.f.DefaultMavenResourcesFiltering - Copying 1 resource from src\main\resources to target\classes
2025-01-15 12:40:13,631 [Worker-75: Building] INFO  o.a.m.s.f.DefaultMavenResourcesFiltering - Copying 0 resource from src\main\resources to target\classes
2025-01-15 12:40:13,634 [Worker-75: Building] INFO  o.a.m.s.f.DefaultMavenResourcesFiltering - skip non existing resourceDirectory D:\Demo_workspace\product\src\test\resources
2025-01-15 12:41:14,305 [Worker-77: Building] INFO  o.a.m.s.f.DefaultMavenResourcesFiltering - Copying 1 resource from src\main\resources to target\classes
2025-01-15 12:41:14,317 [Worker-77: Building] INFO  o.a.m.s.f.DefaultMavenResourcesFiltering - Copying 0 resource from src\main\resources to target\classes
2025-01-15 12:41:14,320 [Worker-77: Building] INFO  o.a.m.s.f.DefaultMavenResourcesFiltering - skip non existing resourceDirectory D:\Demo_workspace\product\src\test\resources
2025-01-15 12:41:19,423 [Worker-79: Building] INFO  o.a.m.s.f.DefaultMavenResourcesFiltering - Copying 1 resource from src\main\resources to target\classes
2025-01-15 12:41:19,437 [Worker-79: Building] INFO  o.a.m.s.f.DefaultMavenResourcesFiltering - Copying 0 resource from src\main\resources to target\classes
2025-01-15 12:41:19,439 [Worker-79: Building] INFO  o.a.m.s.f.DefaultMavenResourcesFiltering - skip non existing resourceDirectory D:\Demo_workspace\product\src\test\resources
2025-01-15 12:41:35,524 [Worker-80: Building] INFO  o.a.m.s.f.DefaultMavenResourcesFiltering - Copying 1 resource from src\main\resources to target\classes
2025-01-15 12:41:35,530 [Worker-80: Building] INFO  o.a.m.s.f.DefaultMavenResourcesFiltering - Copying 0 resource from src\main\resources to target\classes
2025-01-15 12:41:35,533 [Worker-80: Building] INFO  o.a.m.s.f.DefaultMavenResourcesFiltering - skip non existing resourceDirectory D:\Demo_workspace\product\src\test\resources
2025-01-15 12:41:40,912 [Worker-74: Building] INFO  o.a.m.s.f.DefaultMavenResourcesFiltering - Copying 1 resource from src\main\resources to target\classes
2025-01-15 12:41:40,918 [Worker-74: Building] INFO  o.a.m.s.f.DefaultMavenResourcesFiltering - Copying 0 resource from src\main\resources to target\classes
2025-01-15 12:41:40,921 [Worker-74: Building] INFO  o.a.m.s.f.DefaultMavenResourcesFiltering - skip non existing resourceDirectory D:\Demo_workspace\product\src\test\resources
2025-01-15 12:41:49,526 [Worker-75: Building] INFO  o.a.m.s.f.DefaultMavenResourcesFiltering - Copying 1 resource from src\main\resources to target\classes
2025-01-15 12:41:49,533 [Worker-75: Building] INFO  o.a.m.s.f.DefaultMavenResourcesFiltering - Copying 0 resource from src\main\resources to target\classes
2025-01-15 12:41:49,535 [Worker-75: Building] INFO  o.a.m.s.f.DefaultMavenResourcesFiltering - skip non existing resourceDirectory D:\Demo_workspace\product\src\test\resources
2025-01-15 12:42:28,319 [Worker-74: Building] INFO  o.a.m.s.f.DefaultMavenResourcesFiltering - Copying 1 resource from src\main\resources to target\classes
2025-01-15 12:42:28,334 [Worker-74: Building] INFO  o.a.m.s.f.DefaultMavenResourcesFiltering - Copying 0 resource from src\main\resources to target\classes
2025-01-15 12:42:28,337 [Worker-74: Building] INFO  o.a.m.s.f.DefaultMavenResourcesFiltering - skip non existing resourceDirectory D:\Demo_workspace\product\src\test\resources
2025-01-15 12:45:01,689 [Worker-78: Building] INFO  o.a.m.s.f.DefaultMavenResourcesFiltering - Copying 1 resource from src\main\resources to target\classes
2025-01-15 12:45:01,694 [Worker-78: Building] INFO  o.a.m.s.f.DefaultMavenResourcesFiltering - Copying 0 resource from src\main\resources to target\classes
2025-01-15 12:45:01,697 [Worker-78: Building] INFO  o.a.m.s.f.DefaultMavenResourcesFiltering - skip non existing resourceDirectory D:\Demo_workspace\product\src\test\resources
2025-01-15 12:45:07,519 [Worker-72: Building] INFO  o.a.m.s.f.DefaultMavenResourcesFiltering - Copying 1 resource from src\main\resources to target\classes
2025-01-15 12:45:07,538 [Worker-72: Building] INFO  o.a.m.s.f.DefaultMavenResourcesFiltering - Copying 0 resource from src\main\resources to target\classes
2025-01-15 12:45:07,543 [Worker-72: Building] INFO  o.a.m.s.f.DefaultMavenResourcesFiltering - skip non existing resourceDirectory D:\Demo_workspace\product\src\test\resources
2025-01-15 12:45:36,113 [Worker-79: Building] INFO  o.a.m.s.f.DefaultMavenResourcesFiltering - Copying 1 resource from src\main\resources to target\classes
2025-01-15 12:45:36,118 [Worker-79: Building] INFO  o.a.m.s.f.DefaultMavenResourcesFiltering - Copying 0 resource from src\main\resources to target\classes
2025-01-15 12:45:36,121 [Worker-79: Building] INFO  o.a.m.s.f.DefaultMavenResourcesFiltering - skip non existing resourceDirectory D:\Demo_workspace\product\src\test\resources
2025-01-15 14:52:40,293 [Worker-90: Building] INFO  o.a.m.s.f.DefaultMavenResourcesFiltering - Copying 1 resource from src\main\resources to target\classes
2025-01-15 14:52:40,361 [Worker-90: Building] INFO  o.a.m.s.f.DefaultMavenResourcesFiltering - Copying 0 resource from src\main\resources to target\classes
2025-01-15 14:52:40,364 [Worker-90: Building] INFO  o.a.m.s.f.DefaultMavenResourcesFiltering - skip non existing resourceDirectory D:\Demo_workspace\product\src\test\resources
