2025-01-14 12:53:11,791 [Worker-3: Loading available Gradle versions] INFO  o.e.b.c.i.u.g.PublishedGradleVersions - Gradle version information cache is not available. Remote download required.
2025-01-14 12:53:25,879 [Worker-3: Update Maven projects configuration] INFO  o.e.m.c.i.p.ProjectConfigurationManager - Update started
2025-01-14 12:53:28,879 [Worker-3: Update Maven projects configuration] INFO  o.e.m.c.i.l.LifecycleMappingFactory - Using org.eclipse.m2e.jdt.JarLifecycleMapping lifecycle mapping for MavenProject: com.Registration:Registration:0.0.1-SNAPSHOT @ C:\Registration\Registration\pom.xml.
2025-01-14 12:53:31,190 [Worker-3: Update Maven projects configuration] INFO  o.e.m.j.i.AbstractJavaProjectConfigurator - Adding source folder /Registration/src/main/java
2025-01-14 12:53:31,196 [Worker-3: Update Maven projects configuration] INFO  o.e.m.j.i.AbstractJavaProjectConfigurator - Adding resource folder /Registration/src/main/resources
2025-01-14 12:53:31,207 [Worker-3: Update Maven projects configuration] INFO  o.e.m.j.i.AbstractJavaProjectConfigurator - Adding resource folder /Registration/src/main/resources
2025-01-14 12:53:31,222 [Worker-3: Update Maven projects configuration] INFO  o.e.m.j.i.AbstractJavaProjectConfigurator - Adding source folder /Registration/src/test/java
2025-01-14 12:53:31,224 [Worker-3: Update Maven projects configuration] INFO  o.e.m.j.i.AbstractJavaProjectConfigurator - Adding resource folder /Registration/src/test/resources
2025-01-14 12:53:33,959 [Worker-3: Update Maven projects configuration] INFO  o.e.m.c.i.p.ProjectConfigurationManager - Update completed for 1 poms: local refresh takes 0.00 sec, refresh facades takes 4.00 sec, update config takes 3.00 sec 
2025-01-14 12:53:34,610 [Worker-5: Building] INFO  o.a.m.s.f.DefaultMavenResourcesFiltering - Copying 1 resource from src\main\resources to target\classes
2025-01-14 12:53:34,640 [Worker-5: Building] INFO  o.a.m.s.f.DefaultMavenResourcesFiltering - Copying 0 resource from src\main\resources to target\classes
2025-01-14 12:53:34,649 [Worker-5: Building] INFO  o.a.m.s.f.DefaultMavenResourcesFiltering - skip non existing resourceDirectory C:\Registration\Registration\src\test\resources
2025-01-14 12:54:35,548 [Worker-6: Building] INFO  o.a.m.s.f.DefaultMavenResourcesFiltering - Copying 1 resource from src\main\resources to target\classes
2025-01-14 12:54:35,556 [Worker-6: Building] INFO  o.a.m.s.f.DefaultMavenResourcesFiltering - Copying 0 resource from src\main\resources to target\classes
2025-01-14 12:54:35,560 [Worker-6: Building] INFO  o.a.m.s.f.DefaultMavenResourcesFiltering - skip non existing resourceDirectory C:\Registration\Registration\src\test\resources
2025-01-14 12:55:12,818 [Worker-8: Building] INFO  o.a.m.s.f.DefaultMavenResourcesFiltering - Copying 1 resource from src\main\resources to target\classes
2025-01-14 12:55:12,825 [Worker-8: Building] INFO  o.a.m.s.f.DefaultMavenResourcesFiltering - Copying 0 resource from src\main\resources to target\classes
2025-01-14 12:55:12,830 [Worker-8: Building] INFO  o.a.m.s.f.DefaultMavenResourcesFiltering - skip non existing resourceDirectory C:\Registration\Registration\src\test\resources
2025-01-14 12:57:09,668 [Worker-12: Building] INFO  o.a.m.s.f.DefaultMavenResourcesFiltering - Copying 1 resource from src\main\resources to target\classes
2025-01-14 12:57:09,677 [Worker-12: Building] INFO  o.a.m.s.f.DefaultMavenResourcesFiltering - Copying 0 resource from src\main\resources to target\classes
2025-01-14 12:57:09,683 [Worker-12: Building] INFO  o.a.m.s.f.DefaultMavenResourcesFiltering - skip non existing resourceDirectory C:\Registration\Registration\src\test\resources
2025-01-14 13:03:33,336 [Worker-17: Building] INFO  o.a.m.s.f.DefaultMavenResourcesFiltering - Copying 1 resource from src\main\resources to target\classes
2025-01-14 13:03:33,346 [Worker-17: Building] INFO  o.a.m.s.f.DefaultMavenResourcesFiltering - Copying 0 resource from src\main\resources to target\classes
2025-01-14 13:03:33,362 [Worker-17: Building] INFO  o.a.m.s.f.DefaultMavenResourcesFiltering - skip non existing resourceDirectory C:\Registration\Registration\src\test\resources
2025-01-14 13:03:51,712 [Worker-6: Building] INFO  o.a.m.s.f.DefaultMavenResourcesFiltering - Copying 1 resource from src\main\resources to target\classes
2025-01-14 13:03:51,721 [Worker-6: Building] INFO  o.a.m.s.f.DefaultMavenResourcesFiltering - Copying 0 resource from src\main\resources to target\classes
2025-01-14 13:03:51,743 [Worker-6: Building] INFO  o.a.m.s.f.DefaultMavenResourcesFiltering - skip non existing resourceDirectory C:\Registration\Registration\src\test\resources
2025-01-14 13:06:51,439 [Worker-16: Building] INFO  o.a.m.s.f.DefaultMavenResourcesFiltering - Copying 1 resource from src\main\resources to target\classes
2025-01-14 13:06:51,448 [Worker-16: Building] INFO  o.a.m.s.f.DefaultMavenResourcesFiltering - Copying 0 resource from src\main\resources to target\classes
2025-01-14 13:06:51,460 [Worker-16: Building] INFO  o.a.m.s.f.DefaultMavenResourcesFiltering - skip non existing resourceDirectory C:\Registration\Registration\src\test\resources
2025-01-14 15:41:53,670 [Worker-0: Loading available Gradle versions] INFO  o.e.b.c.i.u.g.PublishedGradleVersions - Gradle version information cache is up-to-date. Trying to read.
2025-01-14 16:10:44,306 [Worker-7: Launching Executing clean in C__Registration_Registration] INFO  o.eclipse.m2e.core.internal.Bundles - getClasspathEntries(Bundle=org.eclipse.m2e.maven.runtime_3.9.900.20240824-1409 [360])
2025-01-14 16:10:44,311 [Worker-7: Launching Executing clean in C__Registration_Registration] INFO  o.eclipse.m2e.core.internal.Bundles - 	Entry: C:\spring-tool-suite-4-4.26.0.RELEASE-e4.33.0-win32.win32.x86_64\sts-4.26.0.RELEASE\plugins\org.eclipse.m2e.maven.runtime_3.9.900.20240824-1409
2025-01-14 16:10:44,311 [Worker-7: Launching Executing clean in C__Registration_Registration] INFO  o.eclipse.m2e.core.internal.Bundles - 	Entry: C:\spring-tool-suite-4-4.26.0.RELEASE-e4.33.0-win32.win32.x86_64\sts-4.26.0.RELEASE\plugins\org.eclipse.m2e.maven.runtime_3.9.900.20240824-1409\jars\aopalliance-1.0.jar
2025-01-14 16:10:44,312 [Worker-7: Launching Executing clean in C__Registration_Registration] INFO  o.eclipse.m2e.core.internal.Bundles - 	Entry: C:\spring-tool-suite-4-4.26.0.RELEASE-e4.33.0-win32.win32.x86_64\sts-4.26.0.RELEASE\plugins\org.eclipse.m2e.maven.runtime_3.9.900.20240824-1409\jars\guice-5.1.0.jar
2025-01-14 16:10:44,312 [Worker-7: Launching Executing clean in C__Registration_Registration] INFO  o.eclipse.m2e.core.internal.Bundles - 	Entry: C:\spring-tool-suite-4-4.26.0.RELEASE-e4.33.0-win32.win32.x86_64\sts-4.26.0.RELEASE\plugins\org.eclipse.m2e.maven.runtime_3.9.900.20240824-1409\jars\httpclient-4.5.14.jar
2025-01-14 16:10:44,312 [Worker-7: Launching Executing clean in C__Registration_Registration] INFO  o.eclipse.m2e.core.internal.Bundles - 	Entry: C:\spring-tool-suite-4-4.26.0.RELEASE-e4.33.0-win32.win32.x86_64\sts-4.26.0.RELEASE\plugins\org.eclipse.m2e.maven.runtime_3.9.900.20240824-1409\jars\httpcore-4.4.16.jar
2025-01-14 16:10:44,312 [Worker-7: Launching Executing clean in C__Registration_Registration] INFO  o.eclipse.m2e.core.internal.Bundles - 	Entry: C:\spring-tool-suite-4-4.26.0.RELEASE-e4.33.0-win32.win32.x86_64\sts-4.26.0.RELEASE\plugins\org.eclipse.m2e.maven.runtime_3.9.900.20240824-1409\jars\jansi-2.4.1.jar
2025-01-14 16:10:44,313 [Worker-7: Launching Executing clean in C__Registration_Registration] INFO  o.eclipse.m2e.core.internal.Bundles - 	Entry: C:\spring-tool-suite-4-4.26.0.RELEASE-e4.33.0-win32.win32.x86_64\sts-4.26.0.RELEASE\plugins\org.eclipse.m2e.maven.runtime_3.9.900.20240824-1409\jars\jcl-over-slf4j-1.7.36.jar
2025-01-14 16:10:44,313 [Worker-7: Launching Executing clean in C__Registration_Registration] INFO  o.eclipse.m2e.core.internal.Bundles - 	Entry: C:\spring-tool-suite-4-4.26.0.RELEASE-e4.33.0-win32.win32.x86_64\sts-4.26.0.RELEASE\plugins\org.eclipse.m2e.maven.runtime_3.9.900.20240824-1409\jars\maven-artifact-3.9.9.jar
2025-01-14 16:10:44,313 [Worker-7: Launching Executing clean in C__Registration_Registration] INFO  o.eclipse.m2e.core.internal.Bundles - 	Entry: C:\spring-tool-suite-4-4.26.0.RELEASE-e4.33.0-win32.win32.x86_64\sts-4.26.0.RELEASE\plugins\org.eclipse.m2e.maven.runtime_3.9.900.20240824-1409\jars\maven-builder-support-3.9.9.jar
2025-01-14 16:10:44,314 [Worker-7: Launching Executing clean in C__Registration_Registration] INFO  o.eclipse.m2e.core.internal.Bundles - 	Entry: C:\spring-tool-suite-4-4.26.0.RELEASE-e4.33.0-win32.win32.x86_64\sts-4.26.0.RELEASE\plugins\org.eclipse.m2e.maven.runtime_3.9.900.20240824-1409\jars\maven-compat-3.9.9.jar
2025-01-14 16:10:44,315 [Worker-7: Launching Executing clean in C__Registration_Registration] INFO  o.eclipse.m2e.core.internal.Bundles - 	Entry: C:\spring-tool-suite-4-4.26.0.RELEASE-e4.33.0-win32.win32.x86_64\sts-4.26.0.RELEASE\plugins\org.eclipse.m2e.maven.runtime_3.9.900.20240824-1409\jars\maven-core-3.9.9.jar
2025-01-14 16:10:44,316 [Worker-7: Launching Executing clean in C__Registration_Registration] INFO  o.eclipse.m2e.core.internal.Bundles - 	Entry: C:\spring-tool-suite-4-4.26.0.RELEASE-e4.33.0-win32.win32.x86_64\sts-4.26.0.RELEASE\plugins\org.eclipse.m2e.maven.runtime_3.9.900.20240824-1409\jars\maven-embedder-3.9.9.jar
2025-01-14 16:10:44,316 [Worker-7: Launching Executing clean in C__Registration_Registration] INFO  o.eclipse.m2e.core.internal.Bundles - 	Entry: C:\spring-tool-suite-4-4.26.0.RELEASE-e4.33.0-win32.win32.x86_64\sts-4.26.0.RELEASE\plugins\org.eclipse.m2e.maven.runtime_3.9.900.20240824-1409\jars\maven-model-3.9.9.jar
2025-01-14 16:10:44,317 [Worker-7: Launching Executing clean in C__Registration_Registration] INFO  o.eclipse.m2e.core.internal.Bundles - 	Entry: C:\spring-tool-suite-4-4.26.0.RELEASE-e4.33.0-win32.win32.x86_64\sts-4.26.0.RELEASE\plugins\org.eclipse.m2e.maven.runtime_3.9.900.20240824-1409\jars\maven-model-builder-3.9.9.jar
2025-01-14 16:10:44,317 [Worker-7: Launching Executing clean in C__Registration_Registration] INFO  o.eclipse.m2e.core.internal.Bundles - 	Entry: C:\spring-tool-suite-4-4.26.0.RELEASE-e4.33.0-win32.win32.x86_64\sts-4.26.0.RELEASE\plugins\org.eclipse.m2e.maven.runtime_3.9.900.20240824-1409\jars\maven-plugin-api-3.9.9.jar
2025-01-14 16:10:44,317 [Worker-7: Launching Executing clean in C__Registration_Registration] INFO  o.eclipse.m2e.core.internal.Bundles - 	Entry: C:\spring-tool-suite-4-4.26.0.RELEASE-e4.33.0-win32.win32.x86_64\sts-4.26.0.RELEASE\plugins\org.eclipse.m2e.maven.runtime_3.9.900.20240824-1409\jars\maven-repository-metadata-3.9.9.jar
2025-01-14 16:10:44,318 [Worker-7: Launching Executing clean in C__Registration_Registration] INFO  o.eclipse.m2e.core.internal.Bundles - 	Entry: C:\spring-tool-suite-4-4.26.0.RELEASE-e4.33.0-win32.win32.x86_64\sts-4.26.0.RELEASE\plugins\org.eclipse.m2e.maven.runtime_3.9.900.20240824-1409\jars\maven-resolver-api-1.9.22.jar
2025-01-14 16:10:44,318 [Worker-7: Launching Executing clean in C__Registration_Registration] INFO  o.eclipse.m2e.core.internal.Bundles - 	Entry: C:\spring-tool-suite-4-4.26.0.RELEASE-e4.33.0-win32.win32.x86_64\sts-4.26.0.RELEASE\plugins\org.eclipse.m2e.maven.runtime_3.9.900.20240824-1409\jars\maven-resolver-connector-basic-1.9.22.jar
2025-01-14 16:10:44,318 [Worker-7: Launching Executing clean in C__Registration_Registration] INFO  o.eclipse.m2e.core.internal.Bundles - 	Entry: C:\spring-tool-suite-4-4.26.0.RELEASE-e4.33.0-win32.win32.x86_64\sts-4.26.0.RELEASE\plugins\org.eclipse.m2e.maven.runtime_3.9.900.20240824-1409\jars\maven-resolver-impl-1.9.22.jar
2025-01-14 16:10:44,319 [Worker-7: Launching Executing clean in C__Registration_Registration] INFO  o.eclipse.m2e.core.internal.Bundles - 	Entry: C:\spring-tool-suite-4-4.26.0.RELEASE-e4.33.0-win32.win32.x86_64\sts-4.26.0.RELEASE\plugins\org.eclipse.m2e.maven.runtime_3.9.900.20240824-1409\jars\maven-resolver-named-locks-1.9.22.jar
2025-01-14 16:10:44,319 [Worker-7: Launching Executing clean in C__Registration_Registration] INFO  o.eclipse.m2e.core.internal.Bundles - 	Entry: C:\spring-tool-suite-4-4.26.0.RELEASE-e4.33.0-win32.win32.x86_64\sts-4.26.0.RELEASE\plugins\org.eclipse.m2e.maven.runtime_3.9.900.20240824-1409\jars\maven-resolver-provider-3.9.9.jar
2025-01-14 16:10:44,320 [Worker-7: Launching Executing clean in C__Registration_Registration] INFO  o.eclipse.m2e.core.internal.Bundles - 	Entry: C:\spring-tool-suite-4-4.26.0.RELEASE-e4.33.0-win32.win32.x86_64\sts-4.26.0.RELEASE\plugins\org.eclipse.m2e.maven.runtime_3.9.900.20240824-1409\jars\maven-resolver-spi-1.9.22.jar
2025-01-14 16:10:44,320 [Worker-7: Launching Executing clean in C__Registration_Registration] INFO  o.eclipse.m2e.core.internal.Bundles - 	Entry: C:\spring-tool-suite-4-4.26.0.RELEASE-e4.33.0-win32.win32.x86_64\sts-4.26.0.RELEASE\plugins\org.eclipse.m2e.maven.runtime_3.9.900.20240824-1409\jars\maven-resolver-transport-file-1.9.22.jar
2025-01-14 16:10:44,320 [Worker-7: Launching Executing clean in C__Registration_Registration] INFO  o.eclipse.m2e.core.internal.Bundles - 	Entry: C:\spring-tool-suite-4-4.26.0.RELEASE-e4.33.0-win32.win32.x86_64\sts-4.26.0.RELEASE\plugins\org.eclipse.m2e.maven.runtime_3.9.900.20240824-1409\jars\maven-resolver-transport-http-1.9.22.jar
2025-01-14 16:10:44,321 [Worker-7: Launching Executing clean in C__Registration_Registration] INFO  o.eclipse.m2e.core.internal.Bundles - 	Entry: C:\spring-tool-suite-4-4.26.0.RELEASE-e4.33.0-win32.win32.x86_64\sts-4.26.0.RELEASE\plugins\org.eclipse.m2e.maven.runtime_3.9.900.20240824-1409\jars\maven-resolver-transport-wagon-1.9.22.jar
2025-01-14 16:10:44,321 [Worker-7: Launching Executing clean in C__Registration_Registration] INFO  o.eclipse.m2e.core.internal.Bundles - 	Entry: C:\spring-tool-suite-4-4.26.0.RELEASE-e4.33.0-win32.win32.x86_64\sts-4.26.0.RELEASE\plugins\org.eclipse.m2e.maven.runtime_3.9.900.20240824-1409\jars\maven-resolver-util-1.9.22.jar
2025-01-14 16:10:44,321 [Worker-7: Launching Executing clean in C__Registration_Registration] INFO  o.eclipse.m2e.core.internal.Bundles - 	Entry: C:\spring-tool-suite-4-4.26.0.RELEASE-e4.33.0-win32.win32.x86_64\sts-4.26.0.RELEASE\plugins\org.eclipse.m2e.maven.runtime_3.9.900.20240824-1409\jars\maven-settings-3.9.9.jar
2025-01-14 16:10:44,322 [Worker-7: Launching Executing clean in C__Registration_Registration] INFO  o.eclipse.m2e.core.internal.Bundles - 	Entry: C:\spring-tool-suite-4-4.26.0.RELEASE-e4.33.0-win32.win32.x86_64\sts-4.26.0.RELEASE\plugins\org.eclipse.m2e.maven.runtime_3.9.900.20240824-1409\jars\maven-settings-builder-3.9.9.jar
2025-01-14 16:10:44,322 [Worker-7: Launching Executing clean in C__Registration_Registration] INFO  o.eclipse.m2e.core.internal.Bundles - 	Entry: C:\spring-tool-suite-4-4.26.0.RELEASE-e4.33.0-win32.win32.x86_64\sts-4.26.0.RELEASE\plugins\org.eclipse.m2e.maven.runtime_3.9.900.20240824-1409\jars\maven-shared-utils-3.4.2.jar
2025-01-14 16:10:44,322 [Worker-7: Launching Executing clean in C__Registration_Registration] INFO  o.eclipse.m2e.core.internal.Bundles - 	Entry: C:\spring-tool-suite-4-4.26.0.RELEASE-e4.33.0-win32.win32.x86_64\sts-4.26.0.RELEASE\plugins\org.eclipse.m2e.maven.runtime_3.9.900.20240824-1409\jars\org.eclipse.sisu.inject-0.9.0.M3.jar
2025-01-14 16:10:44,323 [Worker-7: Launching Executing clean in C__Registration_Registration] INFO  o.eclipse.m2e.core.internal.Bundles - 	Entry: C:\spring-tool-suite-4-4.26.0.RELEASE-e4.33.0-win32.win32.x86_64\sts-4.26.0.RELEASE\plugins\org.eclipse.m2e.maven.runtime_3.9.900.20240824-1409\jars\org.eclipse.sisu.plexus-0.9.0.M3.jar
2025-01-14 16:10:44,323 [Worker-7: Launching Executing clean in C__Registration_Registration] INFO  o.eclipse.m2e.core.internal.Bundles - 	Entry: C:\spring-tool-suite-4-4.26.0.RELEASE-e4.33.0-win32.win32.x86_64\sts-4.26.0.RELEASE\plugins\org.eclipse.m2e.maven.runtime_3.9.900.20240824-1409\jars\plexus-build-api-0.0.7.jar
2025-01-14 16:10:44,323 [Worker-7: Launching Executing clean in C__Registration_Registration] INFO  o.eclipse.m2e.core.internal.Bundles - 	Entry: C:\spring-tool-suite-4-4.26.0.RELEASE-e4.33.0-win32.win32.x86_64\sts-4.26.0.RELEASE\plugins\org.eclipse.m2e.maven.runtime_3.9.900.20240824-1409\jars\plexus-build-api-1.2.0.jar
2025-01-14 16:10:44,324 [Worker-7: Launching Executing clean in C__Registration_Registration] INFO  o.eclipse.m2e.core.internal.Bundles - 	Entry: C:\spring-tool-suite-4-4.26.0.RELEASE-e4.33.0-win32.win32.x86_64\sts-4.26.0.RELEASE\plugins\org.eclipse.m2e.maven.runtime_3.9.900.20240824-1409\jars\plexus-cipher-2.0.jar
2025-01-14 16:10:44,324 [Worker-7: Launching Executing clean in C__Registration_Registration] INFO  o.eclipse.m2e.core.internal.Bundles - 	Entry: C:\spring-tool-suite-4-4.26.0.RELEASE-e4.33.0-win32.win32.x86_64\sts-4.26.0.RELEASE\plugins\org.eclipse.m2e.maven.runtime_3.9.900.20240824-1409\jars\plexus-classworlds-2.8.0.jar
2025-01-14 16:10:44,325 [Worker-7: Launching Executing clean in C__Registration_Registration] INFO  o.eclipse.m2e.core.internal.Bundles - 	Entry: C:\spring-tool-suite-4-4.26.0.RELEASE-e4.33.0-win32.win32.x86_64\sts-4.26.0.RELEASE\plugins\org.eclipse.m2e.maven.runtime_3.9.900.20240824-1409\jars\plexus-component-annotations-2.1.0.jar
2025-01-14 16:10:44,325 [Worker-7: Launching Executing clean in C__Registration_Registration] INFO  o.eclipse.m2e.core.internal.Bundles - 	Entry: C:\spring-tool-suite-4-4.26.0.RELEASE-e4.33.0-win32.win32.x86_64\sts-4.26.0.RELEASE\plugins\org.eclipse.m2e.maven.runtime_3.9.900.20240824-1409\jars\plexus-interpolation-1.27.jar
2025-01-14 16:10:44,325 [Worker-7: Launching Executing clean in C__Registration_Registration] INFO  o.eclipse.m2e.core.internal.Bundles - 	Entry: C:\spring-tool-suite-4-4.26.0.RELEASE-e4.33.0-win32.win32.x86_64\sts-4.26.0.RELEASE\plugins\org.eclipse.m2e.maven.runtime_3.9.900.20240824-1409\jars\plexus-sec-dispatcher-2.0.jar
2025-01-14 16:10:44,326 [Worker-7: Launching Executing clean in C__Registration_Registration] INFO  o.eclipse.m2e.core.internal.Bundles - 	Entry: C:\spring-tool-suite-4-4.26.0.RELEASE-e4.33.0-win32.win32.x86_64\sts-4.26.0.RELEASE\plugins\org.eclipse.m2e.maven.runtime_3.9.900.20240824-1409\jars\plexus-utils-3.5.1.jar
2025-01-14 16:10:44,326 [Worker-7: Launching Executing clean in C__Registration_Registration] INFO  o.eclipse.m2e.core.internal.Bundles - 	Entry: C:\spring-tool-suite-4-4.26.0.RELEASE-e4.33.0-win32.win32.x86_64\sts-4.26.0.RELEASE\plugins\org.eclipse.m2e.maven.runtime_3.9.900.20240824-1409\jars\plexus-xml-3.0.1.jar
2025-01-14 16:10:44,327 [Worker-7: Launching Executing clean in C__Registration_Registration] INFO  o.eclipse.m2e.core.internal.Bundles - 	Entry: C:\spring-tool-suite-4-4.26.0.RELEASE-e4.33.0-win32.win32.x86_64\sts-4.26.0.RELEASE\plugins\org.eclipse.m2e.maven.runtime_3.9.900.20240824-1409\jars\wagon-file-3.5.3.jar
2025-01-14 16:10:44,328 [Worker-7: Launching Executing clean in C__Registration_Registration] INFO  o.eclipse.m2e.core.internal.Bundles - 	Entry: C:\spring-tool-suite-4-4.26.0.RELEASE-e4.33.0-win32.win32.x86_64\sts-4.26.0.RELEASE\plugins\org.eclipse.m2e.maven.runtime_3.9.900.20240824-1409\jars\wagon-http-3.5.3.jar
2025-01-14 16:10:44,328 [Worker-7: Launching Executing clean in C__Registration_Registration] INFO  o.eclipse.m2e.core.internal.Bundles - 	Entry: C:\spring-tool-suite-4-4.26.0.RELEASE-e4.33.0-win32.win32.x86_64\sts-4.26.0.RELEASE\plugins\org.eclipse.m2e.maven.runtime_3.9.900.20240824-1409\jars\wagon-http-shared-3.5.3.jar
2025-01-14 16:10:44,328 [Worker-7: Launching Executing clean in C__Registration_Registration] INFO  o.eclipse.m2e.core.internal.Bundles - 	Entry: C:\spring-tool-suite-4-4.26.0.RELEASE-e4.33.0-win32.win32.x86_64\sts-4.26.0.RELEASE\plugins\org.eclipse.m2e.maven.runtime_3.9.900.20240824-1409\jars\wagon-provider-api-3.5.3.jar
2025-01-14 16:10:44,331 [Worker-7: Launching Executing clean in C__Registration_Registration] INFO  o.eclipse.m2e.core.internal.Bundles - getClasspathEntries(Bundle=com.google.guava_33.3.0.jre [29])
2025-01-14 16:10:44,332 [Worker-7: Launching Executing clean in C__Registration_Registration] INFO  o.eclipse.m2e.core.internal.Bundles - 	Entry: C:\spring-tool-suite-4-4.26.0.RELEASE-e4.33.0-win32.win32.x86_64\sts-4.26.0.RELEASE\plugins\com.google.guava_33.3.0.jre.jar
2025-01-14 16:10:44,332 [Worker-7: Launching Executing clean in C__Registration_Registration] INFO  o.eclipse.m2e.core.internal.Bundles - getClasspathEntries(Bundle=slf4j.api_2.0.16 [593])
2025-01-14 16:10:44,333 [Worker-7: Launching Executing clean in C__Registration_Registration] INFO  o.eclipse.m2e.core.internal.Bundles - 	Entry: C:\spring-tool-suite-4-4.26.0.RELEASE-e4.33.0-win32.win32.x86_64\sts-4.26.0.RELEASE\plugins\slf4j.api_2.0.16.jar
2025-01-14 16:10:44,333 [Worker-7: Launching Executing clean in C__Registration_Registration] INFO  o.eclipse.m2e.core.internal.Bundles - getClasspathEntries(Bundle=jakarta.inject.jakarta.inject-api_1.0.5 [45])
2025-01-14 16:10:44,334 [Worker-7: Launching Executing clean in C__Registration_Registration] INFO  o.eclipse.m2e.core.internal.Bundles - 	Entry: C:\spring-tool-suite-4-4.26.0.RELEASE-e4.33.0-win32.win32.x86_64\sts-4.26.0.RELEASE\plugins\jakarta.inject.jakarta.inject-api_1.0.5.jar
2025-01-14 16:10:44,335 [Worker-7: Launching Executing clean in C__Registration_Registration] INFO  o.eclipse.m2e.core.internal.Bundles - getClasspathEntries(Bundle=jakarta.annotation-api_1.3.5 [41])
2025-01-14 16:10:44,336 [Worker-7: Launching Executing clean in C__Registration_Registration] INFO  o.eclipse.m2e.core.internal.Bundles - 	Entry: C:\spring-tool-suite-4-4.26.0.RELEASE-e4.33.0-win32.win32.x86_64\sts-4.26.0.RELEASE\plugins\jakarta.annotation-api_1.3.5.jar
2025-01-14 16:10:44,336 [Worker-7: Launching Executing clean in C__Registration_Registration] INFO  o.eclipse.m2e.core.internal.Bundles - getClasspathEntries(Bundle=org.apache.commons.cli_1.9.0 [77])
2025-01-14 16:10:44,336 [Worker-7: Launching Executing clean in C__Registration_Registration] INFO  o.eclipse.m2e.core.internal.Bundles - 	Entry: C:\spring-tool-suite-4-4.26.0.RELEASE-e4.33.0-win32.win32.x86_64\sts-4.26.0.RELEASE\plugins\org.apache.commons.cli_1.9.0.jar
2025-01-14 16:10:44,336 [Worker-7: Launching Executing clean in C__Registration_Registration] INFO  o.eclipse.m2e.core.internal.Bundles - getClasspathEntries(Bundle=org.apache.commons.commons-codec_1.16.0 [80])
2025-01-14 16:10:44,337 [Worker-7: Launching Executing clean in C__Registration_Registration] INFO  o.eclipse.m2e.core.internal.Bundles - 	Entry: C:\spring-tool-suite-4-4.26.0.RELEASE-e4.33.0-win32.win32.x86_64\sts-4.26.0.RELEASE\plugins\org.apache.commons.commons-codec_1.16.0.jar
2025-01-14 16:10:44,337 [Worker-7: Launching Executing clean in C__Registration_Registration] INFO  o.eclipse.m2e.core.internal.Bundles - getClasspathEntries(Bundle=com.google.guava.failureaccess_1.0.2 [30])
2025-01-14 16:10:44,337 [Worker-7: Launching Executing clean in C__Registration_Registration] INFO  o.eclipse.m2e.core.internal.Bundles - 	Entry: C:\spring-tool-suite-4-4.26.0.RELEASE-e4.33.0-win32.win32.x86_64\sts-4.26.0.RELEASE\plugins\com.google.guava.failureaccess_1.0.2.jar
2025-01-14 16:10:44,357 [Worker-7: Launching Executing clean in C__Registration_Registration] INFO  o.e.m.i.launch.MavenLaunchDelegate - Run build in "C:\Registration\Registration":
2025-01-14 16:10:44,363 [Worker-7: Launching Executing clean in C__Registration_Registration] INFO  o.e.m.i.launch.MavenLaunchDelegate -  mvn  -B -Dstyle.color=always clean
2025-01-15 08:49:06,224 [Worker-0: Loading available Gradle versions] INFO  o.e.b.c.i.u.g.PublishedGradleVersions - Gradle version information cache is up-to-date. Trying to read.
2025-01-15 08:49:16,253 [Worker-7: Building] INFO  o.a.m.s.f.DefaultMavenResourcesFiltering - Copying 1 resource from src\main\resources to target\classes
2025-01-15 08:49:16,982 [Worker-7: Building] INFO  o.a.m.s.f.DefaultMavenResourcesFiltering - Copying 0 resource from src\main\resources to target\classes
2025-01-15 08:49:16,991 [Worker-7: Building] INFO  o.a.m.s.f.DefaultMavenResourcesFiltering - skip non existing resourceDirectory C:\Registration\Registration\src\test\resources
2025-01-15 11:55:10,876 [Worker-0: Loading available Gradle versions] INFO  o.e.b.c.i.u.g.PublishedGradleVersions - Gradle version information cache is up-to-date. Trying to read.
2025-01-15 11:55:19,708 [Worker-7: Building] INFO  o.a.m.s.f.DefaultMavenResourcesFiltering - Copying 1 resource from src\main\resources to target\classes
2025-01-15 11:55:20,076 [Worker-7: Building] INFO  o.a.m.s.f.DefaultMavenResourcesFiltering - Copying 0 resource from src\main\resources to target\classes
2025-01-15 11:55:20,086 [Worker-7: Building] INFO  o.a.m.s.f.DefaultMavenResourcesFiltering - skip non existing resourceDirectory C:\Registration\Registration\src\test\resources
